{
  "stats": {
    "suites": 10,
    "tests": 63,
    "passes": 54,
    "pending": 0,
    "failures": 9,
    "start": "2021-12-05T16:07:23.697Z",
    "end": "2021-12-05T16:07:23.793Z",
    "duration": 96,
    "testsRegistered": 63,
    "passPercent": 85.71428571428571,
    "pendingPercent": 0,
    "other": 0,
    "hasOther": false,
    "skipped": 0,
    "hasSkipped": false
  },
  "results": [
    {
      "uuid": "50db4e62-14a9-4cfa-8ed6-31b56680d6ef",
      "title": "",
      "fullFile": "",
      "file": "",
      "beforeHooks": [],
      "afterHooks": [],
      "tests": [],
      "suites": [
        {
          "uuid": "1909acbb-4a6e-40ee-b253-f20a1a2f6d32",
          "title": "compact",
          "fullFile": "/home/jaho/Documents/SchoolProjects/Software_testing/group_assignment_2/SoftwareTesting_groupAssignment_2/test/compact.test.js",
          "file": "/test/compact.test.js",
          "beforeHooks": [],
          "afterHooks": [],
          "tests": [
            {
              "title": "Check without falsey, should return [1, 2, 3, 4, 5]",
              "fullTitle": "compact Check without falsey, should return [1, 2, 3, 4, 5]",
              "timedOut": false,
              "duration": 5,
              "state": "failed",
              "speed": null,
              "pass": false,
              "fail": true,
              "pending": false,
              "context": null,
              "code": "expect(compact([1, 2, 3, 4, 5])).to.equal([1, 2, 3, 4, 5])",
              "err": {
                "message": "AssertionError: expected [ 2, 3, 4, 5, '-1': 1 ] to equal [ 1, 2, 3, 4, 5 ]",
                "estack": "AssertionError: expected [ 2, 3, 4, 5, '-1': 1 ] to equal [ 1, 2, 3, 4, 5 ]\n    at Context.<anonymous> (file:///home/jaho/Documents/SchoolProjects/Software_testing/group_assignment_2/SoftwareTesting_groupAssignment_2/test/compact.test.js:9:45)\n    at processImmediate (internal/timers.js:461:21)",
                "diff": " [\n+   1\n   2\n   3\n   4\n   5\n"
              },
              "uuid": "010f0771-800d-4b14-8e3a-f4192b9c7fb3",
              "parentUUID": "1909acbb-4a6e-40ee-b253-f20a1a2f6d32",
              "isHook": false,
              "skipped": false
            },
            {
              "title": "Check with false, should return [1, 2, 3]",
              "fullTitle": "compact Check with false, should return [1, 2, 3]",
              "timedOut": false,
              "duration": 2,
              "state": "failed",
              "speed": null,
              "pass": false,
              "fail": true,
              "pending": false,
              "context": null,
              "code": "expect(compact([1, false, 2, 3])).to.deep.equal([1, 2, 3])",
              "err": {
                "message": "AssertionError: expected [ 2, 3, '-1': 1 ] to deeply equal [ 1, 2, 3 ]",
                "estack": "AssertionError: expected [ 2, 3, '-1': 1 ] to deeply equal [ 1, 2, 3 ]\n    at Context.<anonymous> (file:///home/jaho/Documents/SchoolProjects/Software_testing/group_assignment_2/SoftwareTesting_groupAssignment_2/test/compact.test.js:12:51)\n    at processImmediate (internal/timers.js:461:21)",
                "diff": " [\n+   1\n   2\n   3\n ]\n"
              },
              "uuid": "59413fdb-45e4-4b68-a885-00c689d3ec63",
              "parentUUID": "1909acbb-4a6e-40ee-b253-f20a1a2f6d32",
              "isHook": false,
              "skipped": false
            },
            {
              "title": "Check with zero, should return [1, 2, 3]",
              "fullTitle": "compact Check with zero, should return [1, 2, 3]",
              "timedOut": false,
              "duration": 1,
              "state": "failed",
              "speed": null,
              "pass": false,
              "fail": true,
              "pending": false,
              "context": null,
              "code": "expect(compact([0, 1, 2, 3])).to.deep.equal([1, 2, 3])",
              "err": {
                "message": "AssertionError: expected [ 2, 3, '-1': 1 ] to deeply equal [ 1, 2, 3 ]",
                "estack": "AssertionError: expected [ 2, 3, '-1': 1 ] to deeply equal [ 1, 2, 3 ]\n    at Context.<anonymous> (file:///home/jaho/Documents/SchoolProjects/Software_testing/group_assignment_2/SoftwareTesting_groupAssignment_2/test/compact.test.js:15:47)\n    at processImmediate (internal/timers.js:461:21)",
                "diff": " [\n+   1\n   2\n   3\n ]\n"
              },
              "uuid": "58793d45-1d9f-47e6-a698-7a5eb25ba09a",
              "parentUUID": "1909acbb-4a6e-40ee-b253-f20a1a2f6d32",
              "isHook": false,
              "skipped": false
            },
            {
              "title": "Check with null, should return [1, 2, 3]",
              "fullTitle": "compact Check with null, should return [1, 2, 3]",
              "timedOut": false,
              "duration": 1,
              "state": "failed",
              "speed": null,
              "pass": false,
              "fail": true,
              "pending": false,
              "context": null,
              "code": "expect(compact([1, 2, 3, null])).to.deep.equal([1, 2, 3])",
              "err": {
                "message": "AssertionError: expected [ 2, 3, '-1': 1 ] to deeply equal [ 1, 2, 3 ]",
                "estack": "AssertionError: expected [ 2, 3, '-1': 1 ] to deeply equal [ 1, 2, 3 ]\n    at Context.<anonymous> (file:///home/jaho/Documents/SchoolProjects/Software_testing/group_assignment_2/SoftwareTesting_groupAssignment_2/test/compact.test.js:18:50)\n    at processImmediate (internal/timers.js:461:21)",
                "diff": " [\n+   1\n   2\n   3\n ]\n"
              },
              "uuid": "a7c67749-0a31-4139-9656-83175c13be76",
              "parentUUID": "1909acbb-4a6e-40ee-b253-f20a1a2f6d32",
              "isHook": false,
              "skipped": false
            },
            {
              "title": "Check with '', should return [1, 2, 3]",
              "fullTitle": "compact Check with '', should return [1, 2, 3]",
              "timedOut": false,
              "duration": 1,
              "state": "failed",
              "speed": null,
              "pass": false,
              "fail": true,
              "pending": false,
              "context": null,
              "code": "expect(compact([1, '', 2, 3])).to.deep.equal([1, 2, 3])",
              "err": {
                "message": "AssertionError: expected [ 2, 3, '-1': 1 ] to deeply equal [ 1, 2, 3 ]",
                "estack": "AssertionError: expected [ 2, 3, '-1': 1 ] to deeply equal [ 1, 2, 3 ]\n    at Context.<anonymous> (file:///home/jaho/Documents/SchoolProjects/Software_testing/group_assignment_2/SoftwareTesting_groupAssignment_2/test/compact.test.js:21:48)\n    at processImmediate (internal/timers.js:461:21)",
                "diff": " [\n+   1\n   2\n   3\n ]\n"
              },
              "uuid": "fb830faf-dcc0-415e-912e-a03f4ae7b046",
              "parentUUID": "1909acbb-4a6e-40ee-b253-f20a1a2f6d32",
              "isHook": false,
              "skipped": false
            },
            {
              "title": "Check with undefined, should return [1, 2, 3]",
              "fullTitle": "compact Check with undefined, should return [1, 2, 3]",
              "timedOut": false,
              "duration": 1,
              "state": "failed",
              "speed": null,
              "pass": false,
              "fail": true,
              "pending": false,
              "context": null,
              "code": "expect(compact([undefined, 1, 2, 3])).to.deep.equal([1, 2, 3])",
              "err": {
                "message": "AssertionError: expected [ 2, 3, '-1': 1 ] to deeply equal [ 1, 2, 3 ]",
                "estack": "AssertionError: expected [ 2, 3, '-1': 1 ] to deeply equal [ 1, 2, 3 ]\n    at Context.<anonymous> (file:///home/jaho/Documents/SchoolProjects/Software_testing/group_assignment_2/SoftwareTesting_groupAssignment_2/test/compact.test.js:24:55)\n    at processImmediate (internal/timers.js:461:21)",
                "diff": " [\n+   1\n   2\n   3\n ]\n"
              },
              "uuid": "bc274d51-29c4-41d1-9660-a175b80d70f3",
              "parentUUID": "1909acbb-4a6e-40ee-b253-f20a1a2f6d32",
              "isHook": false,
              "skipped": false
            },
            {
              "title": "Check with NaN, should return [1, 2, 3]",
              "fullTitle": "compact Check with NaN, should return [1, 2, 3]",
              "timedOut": false,
              "duration": 1,
              "state": "failed",
              "speed": null,
              "pass": false,
              "fail": true,
              "pending": false,
              "context": null,
              "code": "expect(compact([1, 2, NaN, 3])).to.deep.equal([1, 2, 3])",
              "err": {
                "message": "AssertionError: expected [ 2, 3, '-1': 1 ] to deeply equal [ 1, 2, 3 ]",
                "estack": "AssertionError: expected [ 2, 3, '-1': 1 ] to deeply equal [ 1, 2, 3 ]\n    at Context.<anonymous> (file:///home/jaho/Documents/SchoolProjects/Software_testing/group_assignment_2/SoftwareTesting_groupAssignment_2/test/compact.test.js:27:49)\n    at processImmediate (internal/timers.js:461:21)",
                "diff": " [\n+   1\n   2\n   3\n ]\n"
              },
              "uuid": "712c8c35-bb4d-480c-88ad-8578e78e1dac",
              "parentUUID": "1909acbb-4a6e-40ee-b253-f20a1a2f6d32",
              "isHook": false,
              "skipped": false
            },
            {
              "title": "Check with multiple falsey, should return [1, 2, 3]",
              "fullTitle": "compact Check with multiple falsey, should return [1, 2, 3]",
              "timedOut": false,
              "duration": 1,
              "state": "failed",
              "speed": null,
              "pass": false,
              "fail": true,
              "pending": false,
              "context": null,
              "code": "expect(compact([0, 1, false, 2, '', 3])).to.deep.equal([1, 2, 3])",
              "err": {
                "message": "AssertionError: expected [ 2, 3, '-1': 1 ] to deeply equal [ 1, 2, 3 ]",
                "estack": "AssertionError: expected [ 2, 3, '-1': 1 ] to deeply equal [ 1, 2, 3 ]\n    at Context.<anonymous> (file:///home/jaho/Documents/SchoolProjects/Software_testing/group_assignment_2/SoftwareTesting_groupAssignment_2/test/compact.test.js:30:58)\n    at processImmediate (internal/timers.js:461:21)",
                "diff": " [\n+   1\n   2\n   3\n ]\n"
              },
              "uuid": "9225fd91-1843-48cb-9df8-ba5b05b9e950",
              "parentUUID": "1909acbb-4a6e-40ee-b253-f20a1a2f6d32",
              "isHook": false,
              "skipped": false
            },
            {
              "title": "Check with empty array, should return []",
              "fullTitle": "compact Check with empty array, should return []",
              "timedOut": false,
              "duration": 0,
              "state": "passed",
              "speed": "fast",
              "pass": true,
              "fail": false,
              "pending": false,
              "context": null,
              "code": "expect(compact([])).to.deep.equal([])",
              "err": {},
              "uuid": "fb75de43-5d39-4c92-9aa6-a05f828354fe",
              "parentUUID": "1909acbb-4a6e-40ee-b253-f20a1a2f6d32",
              "isHook": false,
              "skipped": false
            }
          ],
          "suites": [],
          "passes": [
            "fb75de43-5d39-4c92-9aa6-a05f828354fe"
          ],
          "failures": [
            "010f0771-800d-4b14-8e3a-f4192b9c7fb3",
            "59413fdb-45e4-4b68-a885-00c689d3ec63",
            "58793d45-1d9f-47e6-a698-7a5eb25ba09a",
            "a7c67749-0a31-4139-9656-83175c13be76",
            "fb830faf-dcc0-415e-912e-a03f4ae7b046",
            "bc274d51-29c4-41d1-9660-a175b80d70f3",
            "712c8c35-bb4d-480c-88ad-8578e78e1dac",
            "9225fd91-1843-48cb-9df8-ba5b05b9e950"
          ],
          "pending": [],
          "skipped": [],
          "duration": 13,
          "root": false,
          "rootEmpty": false,
          "_timeout": 2000
        },
        {
          "uuid": "ea8fa2ac-3d51-4a98-87e0-b3c2f30af4a1",
          "title": "isArguments",
          "fullFile": "/home/jaho/Documents/SchoolProjects/Software_testing/group_assignment_2/SoftwareTesting_groupAssignment_2/test/isArguments.test.js",
          "file": "/test/isArguments.test.js",
          "beforeHooks": [],
          "afterHooks": [],
          "tests": [
            {
              "title": "Check with arguments object, true",
              "fullTitle": "isArguments Check with arguments object, true",
              "timedOut": false,
              "duration": 0,
              "state": "passed",
              "speed": "fast",
              "pass": true,
              "fail": false,
              "pending": false,
              "context": null,
              "code": "expect(isArguments(function() { return arguments }())).to.equal(true)",
              "err": {},
              "uuid": "9fe600d4-63d3-4509-b86f-4f9cc4eecad5",
              "parentUUID": "ea8fa2ac-3d51-4a98-87e0-b3c2f30af4a1",
              "isHook": false,
              "skipped": false
            },
            {
              "title": "Check with object, false",
              "fullTitle": "isArguments Check with object, false",
              "timedOut": false,
              "duration": 0,
              "state": "passed",
              "speed": "fast",
              "pass": true,
              "fail": false,
              "pending": false,
              "context": null,
              "code": "var obj = {}\nexpect(isArguments(obj)).to.equal(false)",
              "err": {},
              "uuid": "de2d7c9d-0a15-41b3-95b8-30789af21678",
              "parentUUID": "ea8fa2ac-3d51-4a98-87e0-b3c2f30af4a1",
              "isHook": false,
              "skipped": false
            },
            {
              "title": "Check integer, false",
              "fullTitle": "isArguments Check integer, false",
              "timedOut": false,
              "duration": 0,
              "state": "passed",
              "speed": "fast",
              "pass": true,
              "fail": false,
              "pending": false,
              "context": null,
              "code": "expect(isArguments(5)).to.equal(false)",
              "err": {},
              "uuid": "2ea06f13-95d3-4da0-aa25-18be0ec508d7",
              "parentUUID": "ea8fa2ac-3d51-4a98-87e0-b3c2f30af4a1",
              "isHook": false,
              "skipped": false
            },
            {
              "title": "Check empty, false",
              "fullTitle": "isArguments Check empty, false",
              "timedOut": false,
              "duration": 0,
              "state": "passed",
              "speed": "fast",
              "pass": true,
              "fail": false,
              "pending": false,
              "context": null,
              "code": "expect(isArguments()).to.equal(false)",
              "err": {},
              "uuid": "00253062-4ea4-4385-9375-750080b79fb2",
              "parentUUID": "ea8fa2ac-3d51-4a98-87e0-b3c2f30af4a1",
              "isHook": false,
              "skipped": false
            },
            {
              "title": "Check with object, false",
              "fullTitle": "isArguments Check with object, false",
              "timedOut": false,
              "duration": 1,
              "state": "passed",
              "speed": "fast",
              "pass": true,
              "fail": false,
              "pending": false,
              "context": null,
              "code": "var obj = {}\nexpect(isArguments(obj)).to.equal(false)",
              "err": {},
              "uuid": "ec7fe27f-3b3c-4de6-b96c-5eec239ef52c",
              "parentUUID": "ea8fa2ac-3d51-4a98-87e0-b3c2f30af4a1",
              "isHook": false,
              "skipped": false
            },
            {
              "title": "Check string, false",
              "fullTitle": "isArguments Check string, false",
              "timedOut": false,
              "duration": 0,
              "state": "passed",
              "speed": "fast",
              "pass": true,
              "fail": false,
              "pending": false,
              "context": null,
              "code": "expect(isArguments(\"a\")).to.equal(false)",
              "err": {},
              "uuid": "8116f08a-f538-40a8-9da4-9a0e98e8cbf2",
              "parentUUID": "ea8fa2ac-3d51-4a98-87e0-b3c2f30af4a1",
              "isHook": false,
              "skipped": false
            },
            {
              "title": "Check with array object, false",
              "fullTitle": "isArguments Check with array object, false",
              "timedOut": false,
              "duration": 0,
              "state": "passed",
              "speed": "fast",
              "pass": true,
              "fail": false,
              "pending": false,
              "context": null,
              "code": "expect(isArguments([1,2,3])).to.equal(false)",
              "err": {},
              "uuid": "283f8c5d-f118-4c0b-b225-12cddf27b42a",
              "parentUUID": "ea8fa2ac-3d51-4a98-87e0-b3c2f30af4a1",
              "isHook": false,
              "skipped": false
            }
          ],
          "suites": [],
          "passes": [
            "9fe600d4-63d3-4509-b86f-4f9cc4eecad5",
            "de2d7c9d-0a15-41b3-95b8-30789af21678",
            "2ea06f13-95d3-4da0-aa25-18be0ec508d7",
            "00253062-4ea4-4385-9375-750080b79fb2",
            "ec7fe27f-3b3c-4de6-b96c-5eec239ef52c",
            "8116f08a-f538-40a8-9da4-9a0e98e8cbf2",
            "283f8c5d-f118-4c0b-b225-12cddf27b42a"
          ],
          "failures": [],
          "pending": [],
          "skipped": [],
          "duration": 1,
          "root": false,
          "rootEmpty": false,
          "_timeout": 2000
        },
        {
          "uuid": "65299038-33ee-4451-a3ac-a07409752db6",
          "title": "isArrayLike",
          "fullFile": "/home/jaho/Documents/SchoolProjects/Software_testing/group_assignment_2/SoftwareTesting_groupAssignment_2/test/isArrayLike.test.js",
          "file": "/test/isArrayLike.test.js",
          "beforeHooks": [],
          "afterHooks": [],
          "tests": [
            {
              "title": "Check integer, false",
              "fullTitle": "isArrayLike Check integer, false",
              "timedOut": false,
              "duration": 1,
              "state": "passed",
              "speed": "fast",
              "pass": true,
              "fail": false,
              "pending": false,
              "context": null,
              "code": "expect(isArrayLike(5)).to.equal(false)",
              "err": {},
              "uuid": "2b13107b-02b0-4f8b-9a03-498dc186b676",
              "parentUUID": "65299038-33ee-4451-a3ac-a07409752db6",
              "isHook": false,
              "skipped": false
            },
            {
              "title": "Check empty, false",
              "fullTitle": "isArrayLike Check empty, false",
              "timedOut": false,
              "duration": 1,
              "state": "passed",
              "speed": "fast",
              "pass": true,
              "fail": false,
              "pending": false,
              "context": null,
              "code": "expect(isArrayLike()).to.equal(false)",
              "err": {},
              "uuid": "65c2cc9f-0321-408e-956c-531cf7df25a3",
              "parentUUID": "65299038-33ee-4451-a3ac-a07409752db6",
              "isHook": false,
              "skipped": false
            },
            {
              "title": "Check with object, false",
              "fullTitle": "isArrayLike Check with object, false",
              "timedOut": false,
              "duration": 0,
              "state": "passed",
              "speed": "fast",
              "pass": true,
              "fail": false,
              "pending": false,
              "context": null,
              "code": "var obj = {}\nexpect(isArrayLike(obj)).to.equal(false)",
              "err": {},
              "uuid": "6cadc3b2-242a-41c1-b31f-fc0a10e8bda8",
              "parentUUID": "65299038-33ee-4451-a3ac-a07409752db6",
              "isHook": false,
              "skipped": false
            },
            {
              "title": "Check string, true",
              "fullTitle": "isArrayLike Check string, true",
              "timedOut": false,
              "duration": 0,
              "state": "passed",
              "speed": "fast",
              "pass": true,
              "fail": false,
              "pending": false,
              "context": null,
              "code": "expect(isArrayLike(\"a\")).to.equal(true)",
              "err": {},
              "uuid": "daaeebd8-f274-4add-a2ee-08215b8da079",
              "parentUUID": "65299038-33ee-4451-a3ac-a07409752db6",
              "isHook": false,
              "skipped": false
            },
            {
              "title": "Check with array object, true",
              "fullTitle": "isArrayLike Check with array object, true",
              "timedOut": false,
              "duration": 0,
              "state": "passed",
              "speed": "fast",
              "pass": true,
              "fail": false,
              "pending": false,
              "context": null,
              "code": "expect(isArrayLike([1,2,3])).to.equal(true)",
              "err": {},
              "uuid": "6ebb9d3b-2457-4e66-a7cb-80f801fcf6f4",
              "parentUUID": "65299038-33ee-4451-a3ac-a07409752db6",
              "isHook": false,
              "skipped": false
            }
          ],
          "suites": [],
          "passes": [
            "2b13107b-02b0-4f8b-9a03-498dc186b676",
            "65c2cc9f-0321-408e-956c-531cf7df25a3",
            "6cadc3b2-242a-41c1-b31f-fc0a10e8bda8",
            "daaeebd8-f274-4add-a2ee-08215b8da079",
            "6ebb9d3b-2457-4e66-a7cb-80f801fcf6f4"
          ],
          "failures": [],
          "pending": [],
          "skipped": [],
          "duration": 2,
          "root": false,
          "rootEmpty": false,
          "_timeout": 2000
        },
        {
          "uuid": "fa48d0bf-62bb-4a0b-85e3-1ed37404e4d5",
          "title": "isArrayLikeObject",
          "fullFile": "/home/jaho/Documents/SchoolProjects/Software_testing/group_assignment_2/SoftwareTesting_groupAssignment_2/test/isArrayLikeObject.test.js",
          "file": "/test/isArrayLikeObject.test.js",
          "beforeHooks": [],
          "afterHooks": [],
          "tests": [
            {
              "title": "Check integer, false",
              "fullTitle": "isArrayLikeObject Check integer, false",
              "timedOut": false,
              "duration": 0,
              "state": "passed",
              "speed": "fast",
              "pass": true,
              "fail": false,
              "pending": false,
              "context": null,
              "code": "expect(isArrayLikeObject(5)).to.equal(false)",
              "err": {},
              "uuid": "c327e366-41aa-41c9-962b-fd2aab069c50",
              "parentUUID": "fa48d0bf-62bb-4a0b-85e3-1ed37404e4d5",
              "isHook": false,
              "skipped": false
            },
            {
              "title": "Check string, false",
              "fullTitle": "isArrayLikeObject Check string, false",
              "timedOut": false,
              "duration": 0,
              "state": "passed",
              "speed": "fast",
              "pass": true,
              "fail": false,
              "pending": false,
              "context": null,
              "code": "expect(isArrayLikeObject(\"a\")).to.equal(false)",
              "err": {},
              "uuid": "086a72bf-c5cb-4c4c-973e-f6fc08dc6484",
              "parentUUID": "fa48d0bf-62bb-4a0b-85e3-1ed37404e4d5",
              "isHook": false,
              "skipped": false
            },
            {
              "title": "Check empty, false",
              "fullTitle": "isArrayLikeObject Check empty, false",
              "timedOut": false,
              "duration": 1,
              "state": "passed",
              "speed": "fast",
              "pass": true,
              "fail": false,
              "pending": false,
              "context": null,
              "code": "expect(isArrayLikeObject()).to.equal(false)",
              "err": {},
              "uuid": "25a54084-a44d-4b0b-b0d6-a11d31b55bde",
              "parentUUID": "fa48d0bf-62bb-4a0b-85e3-1ed37404e4d5",
              "isHook": false,
              "skipped": false
            },
            {
              "title": "Check with object, false",
              "fullTitle": "isArrayLikeObject Check with object, false",
              "timedOut": false,
              "duration": 0,
              "state": "passed",
              "speed": "fast",
              "pass": true,
              "fail": false,
              "pending": false,
              "context": null,
              "code": "var obj = {}\nexpect(isArrayLikeObject(obj)).to.equal(false)",
              "err": {},
              "uuid": "75e5b5f0-f1ea-4077-ab94-19249a0af94f",
              "parentUUID": "fa48d0bf-62bb-4a0b-85e3-1ed37404e4d5",
              "isHook": false,
              "skipped": false
            },
            {
              "title": "Check with empty array, true",
              "fullTitle": "isArrayLikeObject Check with empty array, true",
              "timedOut": false,
              "duration": 0,
              "state": "passed",
              "speed": "fast",
              "pass": true,
              "fail": false,
              "pending": false,
              "context": null,
              "code": "var array = new Array();\nexpect(isArrayLikeObject(array)).to.equal(true)",
              "err": {},
              "uuid": "626899e5-430f-46f8-a211-e4699e1725f3",
              "parentUUID": "fa48d0bf-62bb-4a0b-85e3-1ed37404e4d5",
              "isHook": false,
              "skipped": false
            },
            {
              "title": "Check with array object, true",
              "fullTitle": "isArrayLikeObject Check with array object, true",
              "timedOut": false,
              "duration": 1,
              "state": "passed",
              "speed": "fast",
              "pass": true,
              "fail": false,
              "pending": false,
              "context": null,
              "code": "expect(isArrayLikeObject([1,2,3])).to.equal(true)",
              "err": {},
              "uuid": "d6d09760-30cb-434e-9ec5-f36d871db597",
              "parentUUID": "fa48d0bf-62bb-4a0b-85e3-1ed37404e4d5",
              "isHook": false,
              "skipped": false
            }
          ],
          "suites": [],
          "passes": [
            "c327e366-41aa-41c9-962b-fd2aab069c50",
            "086a72bf-c5cb-4c4c-973e-f6fc08dc6484",
            "25a54084-a44d-4b0b-b0d6-a11d31b55bde",
            "75e5b5f0-f1ea-4077-ab94-19249a0af94f",
            "626899e5-430f-46f8-a211-e4699e1725f3",
            "d6d09760-30cb-434e-9ec5-f36d871db597"
          ],
          "failures": [],
          "pending": [],
          "skipped": [],
          "duration": 2,
          "root": false,
          "rootEmpty": false,
          "_timeout": 2000
        },
        {
          "uuid": "5c7d5a66-5434-4213-8dbb-f5803fd022eb",
          "title": "isDate",
          "fullFile": "/home/jaho/Documents/SchoolProjects/Software_testing/group_assignment_2/SoftwareTesting_groupAssignment_2/test/isDate.test.js",
          "file": "/test/isDate.test.js",
          "beforeHooks": [],
          "afterHooks": [],
          "tests": [
            {
              "title": "Check integer, false",
              "fullTitle": "isDate Check integer, false",
              "timedOut": false,
              "duration": 0,
              "state": "passed",
              "speed": "fast",
              "pass": true,
              "fail": false,
              "pending": false,
              "context": null,
              "code": "expect(isDate(5)).to.equal(false)",
              "err": {},
              "uuid": "fe2b5183-23a7-4c3e-b058-17a716868ad9",
              "parentUUID": "5c7d5a66-5434-4213-8dbb-f5803fd022eb",
              "isHook": false,
              "skipped": false
            },
            {
              "title": "Check string, false",
              "fullTitle": "isDate Check string, false",
              "timedOut": false,
              "duration": 1,
              "state": "passed",
              "speed": "fast",
              "pass": true,
              "fail": false,
              "pending": false,
              "context": null,
              "code": "expect(isDate(\"a\")).to.equal(false)",
              "err": {},
              "uuid": "19a051cc-5244-42ff-8f68-4f88a2880ce2",
              "parentUUID": "5c7d5a66-5434-4213-8dbb-f5803fd022eb",
              "isHook": false,
              "skipped": false
            },
            {
              "title": "Check empty, false",
              "fullTitle": "isDate Check empty, false",
              "timedOut": false,
              "duration": 0,
              "state": "passed",
              "speed": "fast",
              "pass": true,
              "fail": false,
              "pending": false,
              "context": null,
              "code": "expect(isDate()).to.equal(false)",
              "err": {},
              "uuid": "79c5cdea-9b8f-48cd-b3cb-f30594ef5b87",
              "parentUUID": "5c7d5a66-5434-4213-8dbb-f5803fd022eb",
              "isHook": false,
              "skipped": false
            },
            {
              "title": "Check with object, false",
              "fullTitle": "isDate Check with object, false",
              "timedOut": false,
              "duration": 1,
              "state": "passed",
              "speed": "fast",
              "pass": true,
              "fail": false,
              "pending": false,
              "context": null,
              "code": "var obj = {}\nexpect(isDate(obj)).to.equal(false)",
              "err": {},
              "uuid": "004a44f7-70dd-40ac-96d0-20ef8c17a2b9",
              "parentUUID": "5c7d5a66-5434-4213-8dbb-f5803fd022eb",
              "isHook": false,
              "skipped": false
            },
            {
              "title": "Check with array object, false",
              "fullTitle": "isDate Check with array object, false",
              "timedOut": false,
              "duration": 0,
              "state": "passed",
              "speed": "fast",
              "pass": true,
              "fail": false,
              "pending": false,
              "context": null,
              "code": "expect(isDate([1,2,3])).to.equal(false)",
              "err": {},
              "uuid": "dfe94aa2-774b-45d9-a735-0e4d94ab7e43",
              "parentUUID": "5c7d5a66-5434-4213-8dbb-f5803fd022eb",
              "isHook": false,
              "skipped": false
            },
            {
              "title": "Check with new Date object, true",
              "fullTitle": "isDate Check with new Date object, true",
              "timedOut": false,
              "duration": 1,
              "state": "passed",
              "speed": "fast",
              "pass": true,
              "fail": false,
              "pending": false,
              "context": null,
              "code": "expect(isDate(new Date())).to.equal(true)",
              "err": {},
              "uuid": "457138fb-6379-4488-b566-25c335e4146a",
              "parentUUID": "5c7d5a66-5434-4213-8dbb-f5803fd022eb",
              "isHook": false,
              "skipped": false
            },
            {
              "title": "Check with manual Date object, true",
              "fullTitle": "isDate Check with manual Date object, true",
              "timedOut": false,
              "duration": 0,
              "state": "passed",
              "speed": "fast",
              "pass": true,
              "fail": false,
              "pending": false,
              "context": null,
              "code": "expect(isDate(new Date(1925, 12, 11, 23, 25, 2))).to.equal(true)",
              "err": {},
              "uuid": "e757e3fa-8e60-4aa5-88c6-9dabfb6c7bdc",
              "parentUUID": "5c7d5a66-5434-4213-8dbb-f5803fd022eb",
              "isHook": false,
              "skipped": false
            },
            {
              "title": "Check with invalid manual Date object, should not pass",
              "fullTitle": "isDate Check with invalid manual Date object, should not pass",
              "timedOut": false,
              "duration": 0,
              "state": "failed",
              "speed": null,
              "pass": false,
              "fail": true,
              "pending": false,
              "context": null,
              "code": "expect(isDate(new Date(1925, 22, 11, 23, 25, 2))).to.equal(false)",
              "err": {
                "message": "AssertionError: expected true to equal false",
                "estack": "AssertionError: expected true to equal false\n    at Context.<anonymous> (file:///home/jaho/Documents/SchoolProjects/Software_testing/group_assignment_2/SoftwareTesting_groupAssignment_2/test/isDate.test.js:31:62)\n    at processImmediate (internal/timers.js:461:21)",
                "diff": "- true\n+ false\n"
              },
              "uuid": "251c6485-6abf-4905-ab4f-cecd07f78def",
              "parentUUID": "5c7d5a66-5434-4213-8dbb-f5803fd022eb",
              "isHook": false,
              "skipped": false
            }
          ],
          "suites": [],
          "passes": [
            "fe2b5183-23a7-4c3e-b058-17a716868ad9",
            "19a051cc-5244-42ff-8f68-4f88a2880ce2",
            "79c5cdea-9b8f-48cd-b3cb-f30594ef5b87",
            "004a44f7-70dd-40ac-96d0-20ef8c17a2b9",
            "dfe94aa2-774b-45d9-a735-0e4d94ab7e43",
            "457138fb-6379-4488-b566-25c335e4146a",
            "e757e3fa-8e60-4aa5-88c6-9dabfb6c7bdc"
          ],
          "failures": [
            "251c6485-6abf-4905-ab4f-cecd07f78def"
          ],
          "pending": [],
          "skipped": [],
          "duration": 3,
          "root": false,
          "rootEmpty": false,
          "_timeout": 2000
        },
        {
          "uuid": "4260f774-ed3c-4ae0-a419-2e1fb2976f06",
          "title": "isLength",
          "fullFile": "/home/jaho/Documents/SchoolProjects/Software_testing/group_assignment_2/SoftwareTesting_groupAssignment_2/test/isLength.test.js",
          "file": "/test/isLength.test.js",
          "beforeHooks": [],
          "afterHooks": [],
          "tests": [
            {
              "title": "Check positive integer, true",
              "fullTitle": "isLength Check positive integer, true",
              "timedOut": false,
              "duration": 0,
              "state": "passed",
              "speed": "fast",
              "pass": true,
              "fail": false,
              "pending": false,
              "context": null,
              "code": "expect(isLength(5)).to.equal(true)",
              "err": {},
              "uuid": "e4ed02c2-f885-4365-a9c4-d68d42d92735",
              "parentUUID": "4260f774-ed3c-4ae0-a419-2e1fb2976f06",
              "isHook": false,
              "skipped": false
            },
            {
              "title": "Check zero, true",
              "fullTitle": "isLength Check zero, true",
              "timedOut": false,
              "duration": 0,
              "state": "passed",
              "speed": "fast",
              "pass": true,
              "fail": false,
              "pending": false,
              "context": null,
              "code": "expect(isLength(0)).to.equal(true)",
              "err": {},
              "uuid": "bec68f4a-0b7f-487b-908c-9f01d0afee28",
              "parentUUID": "4260f774-ed3c-4ae0-a419-2e1fb2976f06",
              "isHook": false,
              "skipped": false
            },
            {
              "title": "Check negative integer, false",
              "fullTitle": "isLength Check negative integer, false",
              "timedOut": false,
              "duration": 0,
              "state": "passed",
              "speed": "fast",
              "pass": true,
              "fail": false,
              "pending": false,
              "context": null,
              "code": "expect(isLength(-5)).to.equal(false)",
              "err": {},
              "uuid": "8f8aeb70-95e9-4436-9d38-6db97a24fbbe",
              "parentUUID": "4260f774-ed3c-4ae0-a419-2e1fb2976f06",
              "isHook": false,
              "skipped": false
            },
            {
              "title": "Check infinity, false",
              "fullTitle": "isLength Check infinity, false",
              "timedOut": false,
              "duration": 0,
              "state": "passed",
              "speed": "fast",
              "pass": true,
              "fail": false,
              "pending": false,
              "context": null,
              "code": "expect(isLength(Infinity)).to.equal(false)",
              "err": {},
              "uuid": "9ab39e92-d1e8-4452-b0f1-cfa2895e5cfb",
              "parentUUID": "4260f774-ed3c-4ae0-a419-2e1fb2976f06",
              "isHook": false,
              "skipped": false
            },
            {
              "title": "Check string, false",
              "fullTitle": "isLength Check string, false",
              "timedOut": false,
              "duration": 0,
              "state": "passed",
              "speed": "fast",
              "pass": true,
              "fail": false,
              "pending": false,
              "context": null,
              "code": "expect(isLength('5')).to.equal(false)",
              "err": {},
              "uuid": "4540be3c-efbc-4f32-b423-4e4e37eb25e7",
              "parentUUID": "4260f774-ed3c-4ae0-a419-2e1fb2976f06",
              "isHook": false,
              "skipped": false
            },
            {
              "title": "Check float, false",
              "fullTitle": "isLength Check float, false",
              "timedOut": false,
              "duration": 0,
              "state": "passed",
              "speed": "fast",
              "pass": true,
              "fail": false,
              "pending": false,
              "context": null,
              "code": "expect(isLength(5.2)).to.equal(false)",
              "err": {},
              "uuid": "e7af8718-6165-4489-9330-b1dbb592f266",
              "parentUUID": "4260f774-ed3c-4ae0-a419-2e1fb2976f06",
              "isHook": false,
              "skipped": false
            },
            {
              "title": "Check empty, false",
              "fullTitle": "isLength Check empty, false",
              "timedOut": false,
              "duration": 0,
              "state": "passed",
              "speed": "fast",
              "pass": true,
              "fail": false,
              "pending": false,
              "context": null,
              "code": "expect(isLength()).to.equal(false)",
              "err": {},
              "uuid": "eb9d555c-d71e-41f8-9987-df0f7b027717",
              "parentUUID": "4260f774-ed3c-4ae0-a419-2e1fb2976f06",
              "isHook": false,
              "skipped": false
            }
          ],
          "suites": [],
          "passes": [
            "e4ed02c2-f885-4365-a9c4-d68d42d92735",
            "bec68f4a-0b7f-487b-908c-9f01d0afee28",
            "8f8aeb70-95e9-4436-9d38-6db97a24fbbe",
            "9ab39e92-d1e8-4452-b0f1-cfa2895e5cfb",
            "4540be3c-efbc-4f32-b423-4e4e37eb25e7",
            "e7af8718-6165-4489-9330-b1dbb592f266",
            "eb9d555c-d71e-41f8-9987-df0f7b027717"
          ],
          "failures": [],
          "pending": [],
          "skipped": [],
          "duration": 0,
          "root": false,
          "rootEmpty": false,
          "_timeout": 2000
        },
        {
          "uuid": "1634d217-9154-4f43-9114-44116eb3910b",
          "title": "isObjectLike",
          "fullFile": "/home/jaho/Documents/SchoolProjects/Software_testing/group_assignment_2/SoftwareTesting_groupAssignment_2/test/isObjectLike.test.js",
          "file": "/test/isObjectLike.test.js",
          "beforeHooks": [],
          "afterHooks": [],
          "tests": [
            {
              "title": "Check integer, false",
              "fullTitle": "isObjectLike Check integer, false",
              "timedOut": false,
              "duration": 0,
              "state": "passed",
              "speed": "fast",
              "pass": true,
              "fail": false,
              "pending": false,
              "context": null,
              "code": "expect(isObject(5)).to.equal(false)",
              "err": {},
              "uuid": "1b1a8b50-8327-4f8c-ba8d-c81523e0370d",
              "parentUUID": "1634d217-9154-4f43-9114-44116eb3910b",
              "isHook": false,
              "skipped": false
            },
            {
              "title": "Check string, false",
              "fullTitle": "isObjectLike Check string, false",
              "timedOut": false,
              "duration": 0,
              "state": "passed",
              "speed": "fast",
              "pass": true,
              "fail": false,
              "pending": false,
              "context": null,
              "code": "expect(isObject(\"a\")).to.equal(false)",
              "err": {},
              "uuid": "e2fd1613-eef6-4737-babe-0558608d41c3",
              "parentUUID": "1634d217-9154-4f43-9114-44116eb3910b",
              "isHook": false,
              "skipped": false
            },
            {
              "title": "Check empty, false",
              "fullTitle": "isObjectLike Check empty, false",
              "timedOut": false,
              "duration": 0,
              "state": "passed",
              "speed": "fast",
              "pass": true,
              "fail": false,
              "pending": false,
              "context": null,
              "code": "expect(isObject()).to.equal(false)",
              "err": {},
              "uuid": "33233ecf-8d36-49c9-8b93-2efcdf47806d",
              "parentUUID": "1634d217-9154-4f43-9114-44116eb3910b",
              "isHook": false,
              "skipped": false
            },
            {
              "title": "Check with object, true",
              "fullTitle": "isObjectLike Check with object, true",
              "timedOut": false,
              "duration": 0,
              "state": "passed",
              "speed": "fast",
              "pass": true,
              "fail": false,
              "pending": false,
              "context": null,
              "code": "var obj = {}\nexpect(isObject(obj)).to.equal(true)",
              "err": {},
              "uuid": "3b3bf161-8370-4efa-a5ae-8d2075c269a8",
              "parentUUID": "1634d217-9154-4f43-9114-44116eb3910b",
              "isHook": false,
              "skipped": false
            },
            {
              "title": "Check with array object, true",
              "fullTitle": "isObjectLike Check with array object, true",
              "timedOut": false,
              "duration": 0,
              "state": "passed",
              "speed": "fast",
              "pass": true,
              "fail": false,
              "pending": false,
              "context": null,
              "code": "expect(isObject([1,2,3])).to.equal(true)",
              "err": {},
              "uuid": "7fba1350-3635-4432-92e8-1fdfb1d580c0",
              "parentUUID": "1634d217-9154-4f43-9114-44116eb3910b",
              "isHook": false,
              "skipped": false
            }
          ],
          "suites": [],
          "passes": [
            "1b1a8b50-8327-4f8c-ba8d-c81523e0370d",
            "e2fd1613-eef6-4737-babe-0558608d41c3",
            "33233ecf-8d36-49c9-8b93-2efcdf47806d",
            "3b3bf161-8370-4efa-a5ae-8d2075c269a8",
            "7fba1350-3635-4432-92e8-1fdfb1d580c0"
          ],
          "failures": [],
          "pending": [],
          "skipped": [],
          "duration": 0,
          "root": false,
          "rootEmpty": false,
          "_timeout": 2000
        },
        {
          "uuid": "a6e11a58-d321-4a69-b9b4-a9b18755a424",
          "title": "isSymbol",
          "fullFile": "/home/jaho/Documents/SchoolProjects/Software_testing/group_assignment_2/SoftwareTesting_groupAssignment_2/test/isSymbol.test.js",
          "file": "/test/isSymbol.test.js",
          "beforeHooks": [],
          "afterHooks": [],
          "tests": [
            {
              "title": "Check Symbol.iterator, true",
              "fullTitle": "isSymbol Check Symbol.iterator, true",
              "timedOut": false,
              "duration": 0,
              "state": "passed",
              "speed": "fast",
              "pass": true,
              "fail": false,
              "pending": false,
              "context": null,
              "code": "expect(isSymbol(Symbol.iterator)).to.equal(true)",
              "err": {},
              "uuid": "7eb07052-b4a1-494a-aab7-69ff0f65431f",
              "parentUUID": "a6e11a58-d321-4a69-b9b4-a9b18755a424",
              "isHook": false,
              "skipped": false
            },
            {
              "title": "Check empty Symbol, true",
              "fullTitle": "isSymbol Check empty Symbol, true",
              "timedOut": false,
              "duration": 1,
              "state": "passed",
              "speed": "fast",
              "pass": true,
              "fail": false,
              "pending": false,
              "context": null,
              "code": "expect(isSymbol(Symbol())).to.equal(true)",
              "err": {},
              "uuid": "edd4fbd5-0343-4004-8ca2-fe5ad729ecc5",
              "parentUUID": "a6e11a58-d321-4a69-b9b4-a9b18755a424",
              "isHook": false,
              "skipped": false
            },
            {
              "title": "Check empty, false",
              "fullTitle": "isSymbol Check empty, false",
              "timedOut": false,
              "duration": 0,
              "state": "passed",
              "speed": "fast",
              "pass": true,
              "fail": false,
              "pending": false,
              "context": null,
              "code": "expect(isSymbol()).to.equal(false)",
              "err": {},
              "uuid": "a19d78bc-5a4e-4772-85d1-80e2fcc6e831",
              "parentUUID": "a6e11a58-d321-4a69-b9b4-a9b18755a424",
              "isHook": false,
              "skipped": false
            },
            {
              "title": "Check string, false",
              "fullTitle": "isSymbol Check string, false",
              "timedOut": false,
              "duration": 1,
              "state": "passed",
              "speed": "fast",
              "pass": true,
              "fail": false,
              "pending": false,
              "context": null,
              "code": "expect(isSymbol('test')).to.equal(false)",
              "err": {},
              "uuid": "45a32d69-7f4c-42fd-904c-63c8e5dfe4cf",
              "parentUUID": "a6e11a58-d321-4a69-b9b4-a9b18755a424",
              "isHook": false,
              "skipped": false
            },
            {
              "title": "Check Symbol wrapper object, true",
              "fullTitle": "isSymbol Check Symbol wrapper object, true",
              "timedOut": false,
              "duration": 0,
              "state": "passed",
              "speed": "fast",
              "pass": true,
              "fail": false,
              "pending": false,
              "context": null,
              "code": "expect(isSymbol(Object(Symbol('test')))).to.equal(true)",
              "err": {},
              "uuid": "2db93780-0752-4b18-8cd7-3df1d6b793f6",
              "parentUUID": "a6e11a58-d321-4a69-b9b4-a9b18755a424",
              "isHook": false,
              "skipped": false
            }
          ],
          "suites": [],
          "passes": [
            "7eb07052-b4a1-494a-aab7-69ff0f65431f",
            "edd4fbd5-0343-4004-8ca2-fe5ad729ecc5",
            "a19d78bc-5a4e-4772-85d1-80e2fcc6e831",
            "45a32d69-7f4c-42fd-904c-63c8e5dfe4cf",
            "2db93780-0752-4b18-8cd7-3df1d6b793f6"
          ],
          "failures": [],
          "pending": [],
          "skipped": [],
          "duration": 2,
          "root": false,
          "rootEmpty": false,
          "_timeout": 2000
        },
        {
          "uuid": "d25989d7-09dc-4447-936f-4efa1bf916c9",
          "title": "isTypedArray",
          "fullFile": "/home/jaho/Documents/SchoolProjects/Software_testing/group_assignment_2/SoftwareTesting_groupAssignment_2/test/isTypedArray.test.js",
          "file": "/test/isTypedArray.test.js",
          "beforeHooks": [],
          "afterHooks": [],
          "tests": [
            {
              "title": "Check integer, false",
              "fullTitle": "isTypedArray Check integer, false",
              "timedOut": false,
              "duration": 0,
              "state": "passed",
              "speed": "fast",
              "pass": true,
              "fail": false,
              "pending": false,
              "context": null,
              "code": "expect(isTypedArray(5)).to.equal(false)",
              "err": {},
              "uuid": "441aefeb-e00d-484b-a2b9-e13a55a2129d",
              "parentUUID": "d25989d7-09dc-4447-936f-4efa1bf916c9",
              "isHook": false,
              "skipped": false
            },
            {
              "title": "Check string, false",
              "fullTitle": "isTypedArray Check string, false",
              "timedOut": false,
              "duration": 0,
              "state": "passed",
              "speed": "fast",
              "pass": true,
              "fail": false,
              "pending": false,
              "context": null,
              "code": "expect(isTypedArray(\"a\")).to.equal(false)",
              "err": {},
              "uuid": "d5882c98-c823-41e9-b57e-e1f4d6a0fe56",
              "parentUUID": "d25989d7-09dc-4447-936f-4efa1bf916c9",
              "isHook": false,
              "skipped": false
            },
            {
              "title": "Check empty, false",
              "fullTitle": "isTypedArray Check empty, false",
              "timedOut": false,
              "duration": 0,
              "state": "passed",
              "speed": "fast",
              "pass": true,
              "fail": false,
              "pending": false,
              "context": null,
              "code": "expect(isTypedArray()).to.equal(false)",
              "err": {},
              "uuid": "ea117a1b-78d3-48d1-b418-97271bc17783",
              "parentUUID": "d25989d7-09dc-4447-936f-4efa1bf916c9",
              "isHook": false,
              "skipped": false
            },
            {
              "title": "Check with object, false",
              "fullTitle": "isTypedArray Check with object, false",
              "timedOut": false,
              "duration": 1,
              "state": "passed",
              "speed": "fast",
              "pass": true,
              "fail": false,
              "pending": false,
              "context": null,
              "code": "var obj = {}\nexpect(isTypedArray(obj)).to.equal(false)",
              "err": {},
              "uuid": "89c31bab-46c8-423f-9a03-5bfba3522c0b",
              "parentUUID": "d25989d7-09dc-4447-936f-4efa1bf916c9",
              "isHook": false,
              "skipped": false
            },
            {
              "title": "Check with array object, false",
              "fullTitle": "isTypedArray Check with array object, false",
              "timedOut": false,
              "duration": 1,
              "state": "passed",
              "speed": "fast",
              "pass": true,
              "fail": false,
              "pending": false,
              "context": null,
              "code": "expect(isTypedArray([1,2,3])).to.equal(false)",
              "err": {},
              "uuid": "9875198e-c70d-497d-b524-f6e93e865f33",
              "parentUUID": "d25989d7-09dc-4447-936f-4efa1bf916c9",
              "isHook": false,
              "skipped": false
            },
            {
              "title": "Check with null typed array, true",
              "fullTitle": "isTypedArray Check with null typed array, true",
              "timedOut": false,
              "duration": 0,
              "state": "passed",
              "speed": "fast",
              "pass": true,
              "fail": false,
              "pending": false,
              "context": null,
              "code": "var typedArray = new Uint8Array([null]);\nexpect(isTypedArray(typedArray)).to.equal(true)",
              "err": {},
              "uuid": "a6335dbb-7c08-48f5-b15c-25cb5ac790db",
              "parentUUID": "d25989d7-09dc-4447-936f-4efa1bf916c9",
              "isHook": false,
              "skipped": false
            },
            {
              "title": "Check with typed array, true",
              "fullTitle": "isTypedArray Check with typed array, true",
              "timedOut": false,
              "duration": 1,
              "state": "passed",
              "speed": "fast",
              "pass": true,
              "fail": false,
              "pending": false,
              "context": null,
              "code": "var typedArray = new Uint8Array([1, 2, 3, 4]);\nexpect(isTypedArray(typedArray)).to.equal(true)",
              "err": {},
              "uuid": "40955295-1e21-447d-9053-0911661e811c",
              "parentUUID": "d25989d7-09dc-4447-936f-4efa1bf916c9",
              "isHook": false,
              "skipped": false
            }
          ],
          "suites": [],
          "passes": [
            "441aefeb-e00d-484b-a2b9-e13a55a2129d",
            "d5882c98-c823-41e9-b57e-e1f4d6a0fe56",
            "ea117a1b-78d3-48d1-b418-97271bc17783",
            "89c31bab-46c8-423f-9a03-5bfba3522c0b",
            "9875198e-c70d-497d-b524-f6e93e865f33",
            "a6335dbb-7c08-48f5-b15c-25cb5ac790db",
            "40955295-1e21-447d-9053-0911661e811c"
          ],
          "failures": [],
          "pending": [],
          "skipped": [],
          "duration": 3,
          "root": false,
          "rootEmpty": false,
          "_timeout": 2000
        },
        {
          "uuid": "b02acf94-c4ae-4b5f-906d-0ba4733b7539",
          "title": "words",
          "fullFile": "/home/jaho/Documents/SchoolProjects/Software_testing/group_assignment_2/SoftwareTesting_groupAssignment_2/test/words.test.js",
          "file": "/test/words.test.js",
          "beforeHooks": [],
          "afterHooks": [],
          "tests": [
            {
              "title": "Check words without pattern, should return ['a', 'b', 'c', 'd']",
              "fullTitle": "words Check words without pattern, should return ['a', 'b', 'c', 'd']",
              "timedOut": false,
              "duration": 1,
              "state": "passed",
              "speed": "fast",
              "pass": true,
              "fail": false,
              "pending": false,
              "context": null,
              "code": "expect(words('a, b, c, & d')).to.deep.equal(['a', 'b', 'c', 'd'])",
              "err": {},
              "uuid": "1deafdbd-6084-4486-861d-8a8725345867",
              "parentUUID": "b02acf94-c4ae-4b5f-906d-0ba4733b7539",
              "isHook": false,
              "skipped": false
            },
            {
              "title": "Check words with pattern, should return ['a', 'b', 'c', '&', 'd']",
              "fullTitle": "words Check words with pattern, should return ['a', 'b', 'c', '&', 'd']",
              "timedOut": false,
              "duration": 0,
              "state": "passed",
              "speed": "fast",
              "pass": true,
              "fail": false,
              "pending": false,
              "context": null,
              "code": "expect(words('a, b, c, & d', /[^, ]/g)).to.deep.equal(['a', 'b', 'c', '&', 'd'])",
              "err": {},
              "uuid": "6b128003-09f1-43eb-9985-9b2b6fe4639e",
              "parentUUID": "b02acf94-c4ae-4b5f-906d-0ba4733b7539",
              "isHook": false,
              "skipped": false
            },
            {
              "title": "Check words with empty string, should return []",
              "fullTitle": "words Check words with empty string, should return []",
              "timedOut": false,
              "duration": 1,
              "state": "passed",
              "speed": "fast",
              "pass": true,
              "fail": false,
              "pending": false,
              "context": null,
              "code": "expect(words('')).to.deep.equal([])",
              "err": {},
              "uuid": "173ed3f7-490e-4c3b-aa95-57f8676b1581",
              "parentUUID": "b02acf94-c4ae-4b5f-906d-0ba4733b7539",
              "isHook": false,
              "skipped": false
            },
            {
              "title": "Check words with pattern and empty string, should return []",
              "fullTitle": "words Check words with pattern and empty string, should return []",
              "timedOut": false,
              "duration": 0,
              "state": "passed",
              "speed": "fast",
              "pass": true,
              "fail": false,
              "pending": false,
              "context": null,
              "code": "expect(words('', /[^, ]/g)).to.deep.equal([])",
              "err": {},
              "uuid": "15b5a1dd-bd86-435f-8f0e-aa5b611d6edf",
              "parentUUID": "b02acf94-c4ae-4b5f-906d-0ba4733b7539",
              "isHook": false,
              "skipped": false
            }
          ],
          "suites": [],
          "passes": [
            "1deafdbd-6084-4486-861d-8a8725345867",
            "6b128003-09f1-43eb-9985-9b2b6fe4639e",
            "173ed3f7-490e-4c3b-aa95-57f8676b1581",
            "15b5a1dd-bd86-435f-8f0e-aa5b611d6edf"
          ],
          "failures": [],
          "pending": [],
          "skipped": [],
          "duration": 2,
          "root": false,
          "rootEmpty": false,
          "_timeout": 2000
        }
      ],
      "passes": [],
      "failures": [],
      "pending": [],
      "skipped": [],
      "duration": 0,
      "root": true,
      "rootEmpty": true,
      "_timeout": 2000
    }
  ],
  "meta": {
    "mocha": {
      "version": "9.1.3"
    },
    "mochawesome": {
      "options": {
        "quiet": false,
        "reportFilename": "mochawesome",
        "saveHtml": true,
        "saveJson": true,
        "consoleReporter": "spec",
        "useInlineDiffs": false,
        "code": true
      },
      "version": "7.0.1"
    },
    "marge": {
      "options": null,
      "version": "6.0.1"
    }
  }
}