{
  "stats": {
    "suites": 10,
    "tests": 62,
    "passes": 53,
    "pending": 0,
    "failures": 9,
    "start": "2021-12-02T15:57:10.759Z",
    "end": "2021-12-02T15:57:10.874Z",
    "duration": 115,
    "testsRegistered": 62,
    "passPercent": 85.48387096774194,
    "pendingPercent": 0,
    "other": 0,
    "hasOther": false,
    "skipped": 0,
    "hasSkipped": false
  },
  "results": [
    {
      "uuid": "3938d03b-4b56-40e1-9304-3eac2520c301",
      "title": "",
      "fullFile": "",
      "file": "",
      "beforeHooks": [],
      "afterHooks": [],
      "tests": [],
      "suites": [
        {
          "uuid": "9ec0c676-802d-4777-8edb-9348989bb226",
          "title": "compact",
          "fullFile": "C:\\Users\\Lasse\\Documents\\TTY\\Software testing\\SoftwareTesting_groupAssignment_2\\test\\compact.test.js",
          "file": "\\test\\compact.test.js",
          "beforeHooks": [],
          "afterHooks": [],
          "tests": [
            {
              "title": "Check without falsey, should return [1, 2, 3, 4, 5]",
              "fullTitle": "compact Check without falsey, should return [1, 2, 3, 4, 5]",
              "timedOut": false,
              "duration": 4,
              "state": "failed",
              "speed": null,
              "pass": false,
              "fail": true,
              "pending": false,
              "context": null,
              "code": "expect(compact([1, 2, 3, 4, 5])).to.equal([1, 2, 3, 4, 5])",
              "err": {
                "message": "AssertionError: expected [ 2, 3, 4, 5, '-1': 1 ] to equal [ 1, 2, 3, 4, 5 ]",
                "estack": "AssertionError: expected [ 2, 3, 4, 5, '-1': 1 ] to equal [ 1, 2, 3, 4, 5 ]\n    at Context.<anonymous> (file:///C:/Users/Lasse/Documents/TTY/Software%20testing/SoftwareTesting_groupAssignment_2/test/compact.test.js:9:45)\n    at processImmediate (node:internal/timers:464:21)",
                "diff": " [\n+   1\n   2\n   3\n   4\n   5\n"
              },
              "uuid": "f6bf292e-6b24-4152-bb14-e3526b10eb75",
              "parentUUID": "9ec0c676-802d-4777-8edb-9348989bb226",
              "isHook": false,
              "skipped": false
            },
            {
              "title": "Check with false, should return [1, 2, 3]",
              "fullTitle": "compact Check with false, should return [1, 2, 3]",
              "timedOut": false,
              "duration": 2,
              "state": "failed",
              "speed": null,
              "pass": false,
              "fail": true,
              "pending": false,
              "context": null,
              "code": "expect(compact([1, false, 2, 3])).to.deep.equal([1, 2, 3])",
              "err": {
                "message": "AssertionError: expected [ 2, 3, '-1': 1 ] to deeply equal [ 1, 2, 3 ]",
                "estack": "AssertionError: expected [ 2, 3, '-1': 1 ] to deeply equal [ 1, 2, 3 ]\n    at Context.<anonymous> (file:///C:/Users/Lasse/Documents/TTY/Software%20testing/SoftwareTesting_groupAssignment_2/test/compact.test.js:12:51)\n    at processImmediate (node:internal/timers:464:21)",
                "diff": " [\n+   1\n   2\n   3\n ]\n"
              },
              "uuid": "b60fe5e7-c538-4763-bb1a-77585509933b",
              "parentUUID": "9ec0c676-802d-4777-8edb-9348989bb226",
              "isHook": false,
              "skipped": false
            },
            {
              "title": "Check with zero, should return [1, 2, 3]",
              "fullTitle": "compact Check with zero, should return [1, 2, 3]",
              "timedOut": false,
              "duration": 0,
              "state": "failed",
              "speed": null,
              "pass": false,
              "fail": true,
              "pending": false,
              "context": null,
              "code": "expect(compact([0, 1, 2, 3])).to.deep.equal([1, 2, 3])",
              "err": {
                "message": "AssertionError: expected [ 2, 3, '-1': 1 ] to deeply equal [ 1, 2, 3 ]",
                "estack": "AssertionError: expected [ 2, 3, '-1': 1 ] to deeply equal [ 1, 2, 3 ]\n    at Context.<anonymous> (file:///C:/Users/Lasse/Documents/TTY/Software%20testing/SoftwareTesting_groupAssignment_2/test/compact.test.js:15:47)\n    at processImmediate (node:internal/timers:464:21)",
                "diff": " [\n+   1\n   2\n   3\n ]\n"
              },
              "uuid": "6f065f8e-ed77-4eb6-90a1-be5de3fcd084",
              "parentUUID": "9ec0c676-802d-4777-8edb-9348989bb226",
              "isHook": false,
              "skipped": false
            },
            {
              "title": "Check with null, should return [1, 2, 3]",
              "fullTitle": "compact Check with null, should return [1, 2, 3]",
              "timedOut": false,
              "duration": 1,
              "state": "failed",
              "speed": null,
              "pass": false,
              "fail": true,
              "pending": false,
              "context": null,
              "code": "expect(compact([1, 2, 3, null])).to.deep.equal([1, 2, 3])",
              "err": {
                "message": "AssertionError: expected [ 2, 3, '-1': 1 ] to deeply equal [ 1, 2, 3 ]",
                "estack": "AssertionError: expected [ 2, 3, '-1': 1 ] to deeply equal [ 1, 2, 3 ]\n    at Context.<anonymous> (file:///C:/Users/Lasse/Documents/TTY/Software%20testing/SoftwareTesting_groupAssignment_2/test/compact.test.js:18:50)\n    at processImmediate (node:internal/timers:464:21)",
                "diff": " [\n+   1\n   2\n   3\n ]\n"
              },
              "uuid": "5de8cb02-0c69-4df9-bb57-f10121551f0c",
              "parentUUID": "9ec0c676-802d-4777-8edb-9348989bb226",
              "isHook": false,
              "skipped": false
            },
            {
              "title": "Check with '', should return [1, 2, 3]",
              "fullTitle": "compact Check with '', should return [1, 2, 3]",
              "timedOut": false,
              "duration": 1,
              "state": "failed",
              "speed": null,
              "pass": false,
              "fail": true,
              "pending": false,
              "context": null,
              "code": "expect(compact([1, '', 2, 3])).to.deep.equal([1, 2, 3])",
              "err": {
                "message": "AssertionError: expected [ 2, 3, '-1': 1 ] to deeply equal [ 1, 2, 3 ]",
                "estack": "AssertionError: expected [ 2, 3, '-1': 1 ] to deeply equal [ 1, 2, 3 ]\n    at Context.<anonymous> (file:///C:/Users/Lasse/Documents/TTY/Software%20testing/SoftwareTesting_groupAssignment_2/test/compact.test.js:21:48)\n    at processImmediate (node:internal/timers:464:21)",
                "diff": " [\n+   1\n   2\n   3\n ]\n"
              },
              "uuid": "ae2de6c4-d37d-4ae2-ba64-0f925c371509",
              "parentUUID": "9ec0c676-802d-4777-8edb-9348989bb226",
              "isHook": false,
              "skipped": false
            },
            {
              "title": "Check with undefined, should return [1, 2, 3]",
              "fullTitle": "compact Check with undefined, should return [1, 2, 3]",
              "timedOut": false,
              "duration": 0,
              "state": "failed",
              "speed": null,
              "pass": false,
              "fail": true,
              "pending": false,
              "context": null,
              "code": "expect(compact([undefined, 1, 2, 3])).to.deep.equal([1, 2, 3])",
              "err": {
                "message": "AssertionError: expected [ 2, 3, '-1': 1 ] to deeply equal [ 1, 2, 3 ]",
                "estack": "AssertionError: expected [ 2, 3, '-1': 1 ] to deeply equal [ 1, 2, 3 ]\n    at Context.<anonymous> (file:///C:/Users/Lasse/Documents/TTY/Software%20testing/SoftwareTesting_groupAssignment_2/test/compact.test.js:24:55)\n    at processImmediate (node:internal/timers:464:21)",
                "diff": " [\n+   1\n   2\n   3\n ]\n"
              },
              "uuid": "8947dbc6-cca3-469e-8eb3-e84a534939ea",
              "parentUUID": "9ec0c676-802d-4777-8edb-9348989bb226",
              "isHook": false,
              "skipped": false
            },
            {
              "title": "Check with NaN, should return [1, 2, 3]",
              "fullTitle": "compact Check with NaN, should return [1, 2, 3]",
              "timedOut": false,
              "duration": 1,
              "state": "failed",
              "speed": null,
              "pass": false,
              "fail": true,
              "pending": false,
              "context": null,
              "code": "expect(compact([1, 2, NaN, 3])).to.deep.equal([1, 2, 3])",
              "err": {
                "message": "AssertionError: expected [ 2, 3, '-1': 1 ] to deeply equal [ 1, 2, 3 ]",
                "estack": "AssertionError: expected [ 2, 3, '-1': 1 ] to deeply equal [ 1, 2, 3 ]\n    at Context.<anonymous> (file:///C:/Users/Lasse/Documents/TTY/Software%20testing/SoftwareTesting_groupAssignment_2/test/compact.test.js:27:49)\n    at processImmediate (node:internal/timers:464:21)",
                "diff": " [\n+   1\n   2\n   3\n ]\n"
              },
              "uuid": "3907863e-c5be-4c2c-b80d-8519a931b5c6",
              "parentUUID": "9ec0c676-802d-4777-8edb-9348989bb226",
              "isHook": false,
              "skipped": false
            },
            {
              "title": "Check with multiple falsey, should return [1, 2, 3]",
              "fullTitle": "compact Check with multiple falsey, should return [1, 2, 3]",
              "timedOut": false,
              "duration": 0,
              "state": "failed",
              "speed": null,
              "pass": false,
              "fail": true,
              "pending": false,
              "context": null,
              "code": "expect(compact([0, 1, false, 2, '', 3])).to.deep.equal([1, 2, 3])",
              "err": {
                "message": "AssertionError: expected [ 2, 3, '-1': 1 ] to deeply equal [ 1, 2, 3 ]",
                "estack": "AssertionError: expected [ 2, 3, '-1': 1 ] to deeply equal [ 1, 2, 3 ]\n    at Context.<anonymous> (file:///C:/Users/Lasse/Documents/TTY/Software%20testing/SoftwareTesting_groupAssignment_2/test/compact.test.js:30:58)\n    at processImmediate (node:internal/timers:464:21)",
                "diff": " [\n+   1\n   2\n   3\n ]\n"
              },
              "uuid": "d44dffcc-b6f0-4e4c-84cb-6c61c0e4bea9",
              "parentUUID": "9ec0c676-802d-4777-8edb-9348989bb226",
              "isHook": false,
              "skipped": false
            },
            {
              "title": "Check with empty array, should return []",
              "fullTitle": "compact Check with empty array, should return []",
              "timedOut": false,
              "duration": 1,
              "state": "passed",
              "speed": "fast",
              "pass": true,
              "fail": false,
              "pending": false,
              "context": null,
              "code": "expect(compact([])).to.deep.equal([])",
              "err": {},
              "uuid": "cf523f7d-b60d-4309-a94b-9670db2b9fad",
              "parentUUID": "9ec0c676-802d-4777-8edb-9348989bb226",
              "isHook": false,
              "skipped": false
            }
          ],
          "suites": [],
          "passes": [
            "cf523f7d-b60d-4309-a94b-9670db2b9fad"
          ],
          "failures": [
            "f6bf292e-6b24-4152-bb14-e3526b10eb75",
            "b60fe5e7-c538-4763-bb1a-77585509933b",
            "6f065f8e-ed77-4eb6-90a1-be5de3fcd084",
            "5de8cb02-0c69-4df9-bb57-f10121551f0c",
            "ae2de6c4-d37d-4ae2-ba64-0f925c371509",
            "8947dbc6-cca3-469e-8eb3-e84a534939ea",
            "3907863e-c5be-4c2c-b80d-8519a931b5c6",
            "d44dffcc-b6f0-4e4c-84cb-6c61c0e4bea9"
          ],
          "pending": [],
          "skipped": [],
          "duration": 10,
          "root": false,
          "rootEmpty": false,
          "_timeout": 2000
        },
        {
          "uuid": "c206a00a-abfc-4058-bce9-bb2cd9749a3b",
          "title": "isArguments",
          "fullFile": "C:\\Users\\Lasse\\Documents\\TTY\\Software testing\\SoftwareTesting_groupAssignment_2\\test\\isArguments.test.js",
          "file": "\\test\\isArguments.test.js",
          "beforeHooks": [],
          "afterHooks": [],
          "tests": [
            {
              "title": "Check with arguments object, true",
              "fullTitle": "isArguments Check with arguments object, true",
              "timedOut": false,
              "duration": 0,
              "state": "passed",
              "speed": "fast",
              "pass": true,
              "fail": false,
              "pending": false,
              "context": null,
              "code": "expect(isArguments(function() { return arguments }())).to.equal(true)",
              "err": {},
              "uuid": "20e363e2-c885-4d3d-bd2c-2d82f29ef85d",
              "parentUUID": "c206a00a-abfc-4058-bce9-bb2cd9749a3b",
              "isHook": false,
              "skipped": false
            },
            {
              "title": "Check with object, false",
              "fullTitle": "isArguments Check with object, false",
              "timedOut": false,
              "duration": 0,
              "state": "passed",
              "speed": "fast",
              "pass": true,
              "fail": false,
              "pending": false,
              "context": null,
              "code": "var obj = {}\nexpect(isArguments(obj)).to.equal(false)",
              "err": {},
              "uuid": "e4016d4d-f41e-4d70-ac8f-6178c3bfefa6",
              "parentUUID": "c206a00a-abfc-4058-bce9-bb2cd9749a3b",
              "isHook": false,
              "skipped": false
            },
            {
              "title": "Check integer, false",
              "fullTitle": "isArguments Check integer, false",
              "timedOut": false,
              "duration": 1,
              "state": "passed",
              "speed": "fast",
              "pass": true,
              "fail": false,
              "pending": false,
              "context": null,
              "code": "expect(isArguments(5)).to.equal(false)",
              "err": {},
              "uuid": "9103d7df-296e-433d-9923-ec569a848685",
              "parentUUID": "c206a00a-abfc-4058-bce9-bb2cd9749a3b",
              "isHook": false,
              "skipped": false
            },
            {
              "title": "Check empty, false",
              "fullTitle": "isArguments Check empty, false",
              "timedOut": false,
              "duration": 0,
              "state": "passed",
              "speed": "fast",
              "pass": true,
              "fail": false,
              "pending": false,
              "context": null,
              "code": "expect(isArguments()).to.equal(false)",
              "err": {},
              "uuid": "ed1339eb-d91c-426d-92b5-70ef6416d82f",
              "parentUUID": "c206a00a-abfc-4058-bce9-bb2cd9749a3b",
              "isHook": false,
              "skipped": false
            },
            {
              "title": "Check with object, false",
              "fullTitle": "isArguments Check with object, false",
              "timedOut": false,
              "duration": 0,
              "state": "passed",
              "speed": "fast",
              "pass": true,
              "fail": false,
              "pending": false,
              "context": null,
              "code": "var obj = {}\nexpect(isArguments(obj)).to.equal(false)",
              "err": {},
              "uuid": "12150ea4-e9f8-4633-a4e6-56e9a61a744b",
              "parentUUID": "c206a00a-abfc-4058-bce9-bb2cd9749a3b",
              "isHook": false,
              "skipped": false
            },
            {
              "title": "Check string, false",
              "fullTitle": "isArguments Check string, false",
              "timedOut": false,
              "duration": 0,
              "state": "passed",
              "speed": "fast",
              "pass": true,
              "fail": false,
              "pending": false,
              "context": null,
              "code": "expect(isArguments(\"a\")).to.equal(false)",
              "err": {},
              "uuid": "296c314d-01e8-4d26-809a-c6d38d51f7ca",
              "parentUUID": "c206a00a-abfc-4058-bce9-bb2cd9749a3b",
              "isHook": false,
              "skipped": false
            },
            {
              "title": "Check with array object, false",
              "fullTitle": "isArguments Check with array object, false",
              "timedOut": false,
              "duration": 0,
              "state": "passed",
              "speed": "fast",
              "pass": true,
              "fail": false,
              "pending": false,
              "context": null,
              "code": "expect(isArguments([1,2,3])).to.equal(false)",
              "err": {},
              "uuid": "29af4010-3370-4c1a-95a0-1020220fb7e1",
              "parentUUID": "c206a00a-abfc-4058-bce9-bb2cd9749a3b",
              "isHook": false,
              "skipped": false
            }
          ],
          "suites": [],
          "passes": [
            "20e363e2-c885-4d3d-bd2c-2d82f29ef85d",
            "e4016d4d-f41e-4d70-ac8f-6178c3bfefa6",
            "9103d7df-296e-433d-9923-ec569a848685",
            "ed1339eb-d91c-426d-92b5-70ef6416d82f",
            "12150ea4-e9f8-4633-a4e6-56e9a61a744b",
            "296c314d-01e8-4d26-809a-c6d38d51f7ca",
            "29af4010-3370-4c1a-95a0-1020220fb7e1"
          ],
          "failures": [],
          "pending": [],
          "skipped": [],
          "duration": 1,
          "root": false,
          "rootEmpty": false,
          "_timeout": 2000
        },
        {
          "uuid": "84560b78-c503-4c31-8b89-3cf50f81c3e5",
          "title": "isArrayLike",
          "fullFile": "C:\\Users\\Lasse\\Documents\\TTY\\Software testing\\SoftwareTesting_groupAssignment_2\\test\\isArrayLike.test.js",
          "file": "\\test\\isArrayLike.test.js",
          "beforeHooks": [],
          "afterHooks": [],
          "tests": [
            {
              "title": "Check integer, false",
              "fullTitle": "isArrayLike Check integer, false",
              "timedOut": false,
              "duration": 0,
              "state": "passed",
              "speed": "fast",
              "pass": true,
              "fail": false,
              "pending": false,
              "context": null,
              "code": "expect(isArrayLike(5)).to.equal(false)",
              "err": {},
              "uuid": "f94484fc-4580-4d60-8c5b-9fbd29cf0c05",
              "parentUUID": "84560b78-c503-4c31-8b89-3cf50f81c3e5",
              "isHook": false,
              "skipped": false
            },
            {
              "title": "Check empty, false",
              "fullTitle": "isArrayLike Check empty, false",
              "timedOut": false,
              "duration": 0,
              "state": "passed",
              "speed": "fast",
              "pass": true,
              "fail": false,
              "pending": false,
              "context": null,
              "code": "expect(isArrayLike()).to.equal(false)",
              "err": {},
              "uuid": "2b8ce346-5225-46ac-b4db-9067368dc046",
              "parentUUID": "84560b78-c503-4c31-8b89-3cf50f81c3e5",
              "isHook": false,
              "skipped": false
            },
            {
              "title": "Check with object, false",
              "fullTitle": "isArrayLike Check with object, false",
              "timedOut": false,
              "duration": 0,
              "state": "passed",
              "speed": "fast",
              "pass": true,
              "fail": false,
              "pending": false,
              "context": null,
              "code": "var obj = {}\nexpect(isArrayLike(obj)).to.equal(false)",
              "err": {},
              "uuid": "3485598e-0ec6-4930-8451-15df26e8d650",
              "parentUUID": "84560b78-c503-4c31-8b89-3cf50f81c3e5",
              "isHook": false,
              "skipped": false
            },
            {
              "title": "Check string, true",
              "fullTitle": "isArrayLike Check string, true",
              "timedOut": false,
              "duration": 0,
              "state": "passed",
              "speed": "fast",
              "pass": true,
              "fail": false,
              "pending": false,
              "context": null,
              "code": "expect(isArrayLike(\"a\")).to.equal(true)",
              "err": {},
              "uuid": "0f0a3b5b-7707-4494-8792-9095332cfc49",
              "parentUUID": "84560b78-c503-4c31-8b89-3cf50f81c3e5",
              "isHook": false,
              "skipped": false
            },
            {
              "title": "Check with array object, true",
              "fullTitle": "isArrayLike Check with array object, true",
              "timedOut": false,
              "duration": 0,
              "state": "passed",
              "speed": "fast",
              "pass": true,
              "fail": false,
              "pending": false,
              "context": null,
              "code": "expect(isArrayLike([1,2,3])).to.equal(true)",
              "err": {},
              "uuid": "b005efe7-5d8e-4212-b9bf-6b707ba368c1",
              "parentUUID": "84560b78-c503-4c31-8b89-3cf50f81c3e5",
              "isHook": false,
              "skipped": false
            }
          ],
          "suites": [],
          "passes": [
            "f94484fc-4580-4d60-8c5b-9fbd29cf0c05",
            "2b8ce346-5225-46ac-b4db-9067368dc046",
            "3485598e-0ec6-4930-8451-15df26e8d650",
            "0f0a3b5b-7707-4494-8792-9095332cfc49",
            "b005efe7-5d8e-4212-b9bf-6b707ba368c1"
          ],
          "failures": [],
          "pending": [],
          "skipped": [],
          "duration": 0,
          "root": false,
          "rootEmpty": false,
          "_timeout": 2000
        },
        {
          "uuid": "e22dae6c-e95b-4bcd-a61d-0187f11b58c1",
          "title": "isArrayLikeObject",
          "fullFile": "C:\\Users\\Lasse\\Documents\\TTY\\Software testing\\SoftwareTesting_groupAssignment_2\\test\\isArrayLikeObject.test.js",
          "file": "\\test\\isArrayLikeObject.test.js",
          "beforeHooks": [],
          "afterHooks": [],
          "tests": [
            {
              "title": "Check integer, false",
              "fullTitle": "isArrayLikeObject Check integer, false",
              "timedOut": false,
              "duration": 0,
              "state": "passed",
              "speed": "fast",
              "pass": true,
              "fail": false,
              "pending": false,
              "context": null,
              "code": "expect(isArrayLikeObject(5)).to.equal(false)",
              "err": {},
              "uuid": "00f8f892-076d-4777-9450-134cc4a04fd0",
              "parentUUID": "e22dae6c-e95b-4bcd-a61d-0187f11b58c1",
              "isHook": false,
              "skipped": false
            },
            {
              "title": "Check string, false",
              "fullTitle": "isArrayLikeObject Check string, false",
              "timedOut": false,
              "duration": 0,
              "state": "passed",
              "speed": "fast",
              "pass": true,
              "fail": false,
              "pending": false,
              "context": null,
              "code": "expect(isArrayLikeObject(\"a\")).to.equal(false)",
              "err": {},
              "uuid": "cf024662-b745-4168-8d8d-ef91885e5427",
              "parentUUID": "e22dae6c-e95b-4bcd-a61d-0187f11b58c1",
              "isHook": false,
              "skipped": false
            },
            {
              "title": "Check empty, false",
              "fullTitle": "isArrayLikeObject Check empty, false",
              "timedOut": false,
              "duration": 0,
              "state": "passed",
              "speed": "fast",
              "pass": true,
              "fail": false,
              "pending": false,
              "context": null,
              "code": "expect(isArrayLikeObject()).to.equal(false)",
              "err": {},
              "uuid": "18442b3b-746e-4281-a480-e663b7315c6a",
              "parentUUID": "e22dae6c-e95b-4bcd-a61d-0187f11b58c1",
              "isHook": false,
              "skipped": false
            },
            {
              "title": "Check with object, false",
              "fullTitle": "isArrayLikeObject Check with object, false",
              "timedOut": false,
              "duration": 0,
              "state": "passed",
              "speed": "fast",
              "pass": true,
              "fail": false,
              "pending": false,
              "context": null,
              "code": "var obj = {}\nexpect(isArrayLikeObject(obj)).to.equal(false)",
              "err": {},
              "uuid": "c3b515ce-2d51-4d7e-826f-d3b1565dd11c",
              "parentUUID": "e22dae6c-e95b-4bcd-a61d-0187f11b58c1",
              "isHook": false,
              "skipped": false
            },
            {
              "title": "Check with empty array, true",
              "fullTitle": "isArrayLikeObject Check with empty array, true",
              "timedOut": false,
              "duration": 0,
              "state": "passed",
              "speed": "fast",
              "pass": true,
              "fail": false,
              "pending": false,
              "context": null,
              "code": "var array = new Array();\nexpect(isArrayLikeObject(array)).to.equal(true)",
              "err": {},
              "uuid": "f13e4095-3c74-486a-aa9f-876a7dd1ca8a",
              "parentUUID": "e22dae6c-e95b-4bcd-a61d-0187f11b58c1",
              "isHook": false,
              "skipped": false
            },
            {
              "title": "Check with array object, true",
              "fullTitle": "isArrayLikeObject Check with array object, true",
              "timedOut": false,
              "duration": 0,
              "state": "passed",
              "speed": "fast",
              "pass": true,
              "fail": false,
              "pending": false,
              "context": null,
              "code": "expect(isArrayLikeObject([1,2,3])).to.equal(true)",
              "err": {},
              "uuid": "194d810e-4eb1-4f25-b9a8-ab61411aaac1",
              "parentUUID": "e22dae6c-e95b-4bcd-a61d-0187f11b58c1",
              "isHook": false,
              "skipped": false
            }
          ],
          "suites": [],
          "passes": [
            "00f8f892-076d-4777-9450-134cc4a04fd0",
            "cf024662-b745-4168-8d8d-ef91885e5427",
            "18442b3b-746e-4281-a480-e663b7315c6a",
            "c3b515ce-2d51-4d7e-826f-d3b1565dd11c",
            "f13e4095-3c74-486a-aa9f-876a7dd1ca8a",
            "194d810e-4eb1-4f25-b9a8-ab61411aaac1"
          ],
          "failures": [],
          "pending": [],
          "skipped": [],
          "duration": 0,
          "root": false,
          "rootEmpty": false,
          "_timeout": 2000
        },
        {
          "uuid": "83c680d0-61f9-4dc9-92c4-2155f7114b3f",
          "title": "isDate",
          "fullFile": "C:\\Users\\Lasse\\Documents\\TTY\\Software testing\\SoftwareTesting_groupAssignment_2\\test\\isDate.test.js",
          "file": "\\test\\isDate.test.js",
          "beforeHooks": [],
          "afterHooks": [],
          "tests": [
            {
              "title": "Check integer, false",
              "fullTitle": "isDate Check integer, false",
              "timedOut": false,
              "duration": 1,
              "state": "passed",
              "speed": "fast",
              "pass": true,
              "fail": false,
              "pending": false,
              "context": null,
              "code": "expect(isDate(5)).to.equal(false)",
              "err": {},
              "uuid": "a15902fe-62c0-4e79-8bb6-22970edec7c7",
              "parentUUID": "83c680d0-61f9-4dc9-92c4-2155f7114b3f",
              "isHook": false,
              "skipped": false
            },
            {
              "title": "Check string, false",
              "fullTitle": "isDate Check string, false",
              "timedOut": false,
              "duration": 0,
              "state": "passed",
              "speed": "fast",
              "pass": true,
              "fail": false,
              "pending": false,
              "context": null,
              "code": "expect(isDate(\"a\")).to.equal(false)",
              "err": {},
              "uuid": "5cb36c9f-7530-40c0-b732-5cf69b99cc86",
              "parentUUID": "83c680d0-61f9-4dc9-92c4-2155f7114b3f",
              "isHook": false,
              "skipped": false
            },
            {
              "title": "Check empty, false",
              "fullTitle": "isDate Check empty, false",
              "timedOut": false,
              "duration": 0,
              "state": "passed",
              "speed": "fast",
              "pass": true,
              "fail": false,
              "pending": false,
              "context": null,
              "code": "expect(isDate()).to.equal(false)",
              "err": {},
              "uuid": "ab9b2a36-ea23-4835-91ce-ea7f80133062",
              "parentUUID": "83c680d0-61f9-4dc9-92c4-2155f7114b3f",
              "isHook": false,
              "skipped": false
            },
            {
              "title": "Check with object, false",
              "fullTitle": "isDate Check with object, false",
              "timedOut": false,
              "duration": 0,
              "state": "passed",
              "speed": "fast",
              "pass": true,
              "fail": false,
              "pending": false,
              "context": null,
              "code": "var obj = {}\nexpect(isDate(obj)).to.equal(false)",
              "err": {},
              "uuid": "8230e1a4-cac2-48b3-a75c-db64f40bc3e4",
              "parentUUID": "83c680d0-61f9-4dc9-92c4-2155f7114b3f",
              "isHook": false,
              "skipped": false
            },
            {
              "title": "Check with array object, false",
              "fullTitle": "isDate Check with array object, false",
              "timedOut": false,
              "duration": 0,
              "state": "passed",
              "speed": "fast",
              "pass": true,
              "fail": false,
              "pending": false,
              "context": null,
              "code": "expect(isDate([1,2,3])).to.equal(false)",
              "err": {},
              "uuid": "8e597c02-ea49-46b8-b2f3-8b6d48c13705",
              "parentUUID": "83c680d0-61f9-4dc9-92c4-2155f7114b3f",
              "isHook": false,
              "skipped": false
            },
            {
              "title": "Check with new Date object, true",
              "fullTitle": "isDate Check with new Date object, true",
              "timedOut": false,
              "duration": 0,
              "state": "passed",
              "speed": "fast",
              "pass": true,
              "fail": false,
              "pending": false,
              "context": null,
              "code": "expect(isDate(new Date())).to.equal(true)",
              "err": {},
              "uuid": "109e369c-0663-41d7-b6fd-cd74ff3083c8",
              "parentUUID": "83c680d0-61f9-4dc9-92c4-2155f7114b3f",
              "isHook": false,
              "skipped": false
            },
            {
              "title": "Check with manual Date object, true",
              "fullTitle": "isDate Check with manual Date object, true",
              "timedOut": false,
              "duration": 7,
              "state": "passed",
              "speed": "fast",
              "pass": true,
              "fail": false,
              "pending": false,
              "context": null,
              "code": "expect(isDate(new Date(1925, 12, 11, 23, 25, 2))).to.equal(true)",
              "err": {},
              "uuid": "2bcfb560-a4b1-4afe-8b0a-38d928685712",
              "parentUUID": "83c680d0-61f9-4dc9-92c4-2155f7114b3f",
              "isHook": false,
              "skipped": false
            },
            {
              "title": "Check with invalid manual Date object, should not pass",
              "fullTitle": "isDate Check with invalid manual Date object, should not pass",
              "timedOut": false,
              "duration": 1,
              "state": "failed",
              "speed": null,
              "pass": false,
              "fail": true,
              "pending": false,
              "context": null,
              "code": "expect(isDate(new Date(1925, 22, 11, 23, 25, 2))).to.equal(false)",
              "err": {
                "message": "AssertionError: expected true to equal false",
                "estack": "AssertionError: expected true to equal false\n    at Context.<anonymous> (file:///C:/Users/Lasse/Documents/TTY/Software%20testing/SoftwareTesting_groupAssignment_2/test/isDate.test.js:31:62)\n    at processImmediate (node:internal/timers:464:21)",
                "diff": "- true\n+ false\n"
              },
              "uuid": "3097ad6e-929d-420e-9732-577aaa325740",
              "parentUUID": "83c680d0-61f9-4dc9-92c4-2155f7114b3f",
              "isHook": false,
              "skipped": false
            }
          ],
          "suites": [],
          "passes": [
            "a15902fe-62c0-4e79-8bb6-22970edec7c7",
            "5cb36c9f-7530-40c0-b732-5cf69b99cc86",
            "ab9b2a36-ea23-4835-91ce-ea7f80133062",
            "8230e1a4-cac2-48b3-a75c-db64f40bc3e4",
            "8e597c02-ea49-46b8-b2f3-8b6d48c13705",
            "109e369c-0663-41d7-b6fd-cd74ff3083c8",
            "2bcfb560-a4b1-4afe-8b0a-38d928685712"
          ],
          "failures": [
            "3097ad6e-929d-420e-9732-577aaa325740"
          ],
          "pending": [],
          "skipped": [],
          "duration": 9,
          "root": false,
          "rootEmpty": false,
          "_timeout": 2000
        },
        {
          "uuid": "846e7ae5-cad4-477e-aa2a-12f1d436e92b",
          "title": "isLength",
          "fullFile": "C:\\Users\\Lasse\\Documents\\TTY\\Software testing\\SoftwareTesting_groupAssignment_2\\test\\isLength.test.js",
          "file": "\\test\\isLength.test.js",
          "beforeHooks": [],
          "afterHooks": [],
          "tests": [
            {
              "title": "Check positive integer, true",
              "fullTitle": "isLength Check positive integer, true",
              "timedOut": false,
              "duration": 0,
              "state": "passed",
              "speed": "fast",
              "pass": true,
              "fail": false,
              "pending": false,
              "context": null,
              "code": "expect(isLength(5)).to.equal(true)",
              "err": {},
              "uuid": "7023b7b9-adf9-417f-95e5-ee15589783e3",
              "parentUUID": "846e7ae5-cad4-477e-aa2a-12f1d436e92b",
              "isHook": false,
              "skipped": false
            },
            {
              "title": "Check zero, true",
              "fullTitle": "isLength Check zero, true",
              "timedOut": false,
              "duration": 1,
              "state": "passed",
              "speed": "fast",
              "pass": true,
              "fail": false,
              "pending": false,
              "context": null,
              "code": "expect(isLength(0)).to.equal(true)",
              "err": {},
              "uuid": "ff730a3f-0cc1-4502-b043-9fbbac6cdb50",
              "parentUUID": "846e7ae5-cad4-477e-aa2a-12f1d436e92b",
              "isHook": false,
              "skipped": false
            },
            {
              "title": "Check negative integer, false",
              "fullTitle": "isLength Check negative integer, false",
              "timedOut": false,
              "duration": 0,
              "state": "passed",
              "speed": "fast",
              "pass": true,
              "fail": false,
              "pending": false,
              "context": null,
              "code": "expect(isLength(-5)).to.equal(false)",
              "err": {},
              "uuid": "0564b5d6-4b9c-4039-9efa-6db747d85563",
              "parentUUID": "846e7ae5-cad4-477e-aa2a-12f1d436e92b",
              "isHook": false,
              "skipped": false
            },
            {
              "title": "Check infinity, false",
              "fullTitle": "isLength Check infinity, false",
              "timedOut": false,
              "duration": 0,
              "state": "passed",
              "speed": "fast",
              "pass": true,
              "fail": false,
              "pending": false,
              "context": null,
              "code": "expect(isLength(Infinity)).to.equal(false)",
              "err": {},
              "uuid": "3f98e87a-da19-4399-9a4c-6ba65558718d",
              "parentUUID": "846e7ae5-cad4-477e-aa2a-12f1d436e92b",
              "isHook": false,
              "skipped": false
            },
            {
              "title": "Check string, false",
              "fullTitle": "isLength Check string, false",
              "timedOut": false,
              "duration": 0,
              "state": "passed",
              "speed": "fast",
              "pass": true,
              "fail": false,
              "pending": false,
              "context": null,
              "code": "expect(isLength('5')).to.equal(false)",
              "err": {},
              "uuid": "1debd031-2d11-45bb-943c-3324d6747e66",
              "parentUUID": "846e7ae5-cad4-477e-aa2a-12f1d436e92b",
              "isHook": false,
              "skipped": false
            },
            {
              "title": "Check float, false",
              "fullTitle": "isLength Check float, false",
              "timedOut": false,
              "duration": 0,
              "state": "passed",
              "speed": "fast",
              "pass": true,
              "fail": false,
              "pending": false,
              "context": null,
              "code": "expect(isLength(5.2)).to.equal(false)",
              "err": {},
              "uuid": "0ddb3aab-8959-42af-b523-e34c2c3e7e3b",
              "parentUUID": "846e7ae5-cad4-477e-aa2a-12f1d436e92b",
              "isHook": false,
              "skipped": false
            },
            {
              "title": "Check empty, false",
              "fullTitle": "isLength Check empty, false",
              "timedOut": false,
              "duration": 0,
              "state": "passed",
              "speed": "fast",
              "pass": true,
              "fail": false,
              "pending": false,
              "context": null,
              "code": "expect(isLength()).to.equal(false)",
              "err": {},
              "uuid": "1628c59f-4146-4e94-b513-21ca670a4893",
              "parentUUID": "846e7ae5-cad4-477e-aa2a-12f1d436e92b",
              "isHook": false,
              "skipped": false
            }
          ],
          "suites": [],
          "passes": [
            "7023b7b9-adf9-417f-95e5-ee15589783e3",
            "ff730a3f-0cc1-4502-b043-9fbbac6cdb50",
            "0564b5d6-4b9c-4039-9efa-6db747d85563",
            "3f98e87a-da19-4399-9a4c-6ba65558718d",
            "1debd031-2d11-45bb-943c-3324d6747e66",
            "0ddb3aab-8959-42af-b523-e34c2c3e7e3b",
            "1628c59f-4146-4e94-b513-21ca670a4893"
          ],
          "failures": [],
          "pending": [],
          "skipped": [],
          "duration": 1,
          "root": false,
          "rootEmpty": false,
          "_timeout": 2000
        },
        {
          "uuid": "87652a77-bdf9-414c-a88c-56f65f4b32ba",
          "title": "isObjectLike",
          "fullFile": "C:\\Users\\Lasse\\Documents\\TTY\\Software testing\\SoftwareTesting_groupAssignment_2\\test\\isObjectLike.test.js",
          "file": "\\test\\isObjectLike.test.js",
          "beforeHooks": [],
          "afterHooks": [],
          "tests": [
            {
              "title": "Check integer, false",
              "fullTitle": "isObjectLike Check integer, false",
              "timedOut": false,
              "duration": 1,
              "state": "passed",
              "speed": "fast",
              "pass": true,
              "fail": false,
              "pending": false,
              "context": null,
              "code": "expect(isObject(5)).to.equal(false)",
              "err": {},
              "uuid": "7fdbd914-d997-4539-91a4-69265ddcf17f",
              "parentUUID": "87652a77-bdf9-414c-a88c-56f65f4b32ba",
              "isHook": false,
              "skipped": false
            },
            {
              "title": "Check string, false",
              "fullTitle": "isObjectLike Check string, false",
              "timedOut": false,
              "duration": 1,
              "state": "passed",
              "speed": "fast",
              "pass": true,
              "fail": false,
              "pending": false,
              "context": null,
              "code": "expect(isObject(\"a\")).to.equal(false)",
              "err": {},
              "uuid": "95557940-f04c-4526-b446-273cc07eaa10",
              "parentUUID": "87652a77-bdf9-414c-a88c-56f65f4b32ba",
              "isHook": false,
              "skipped": false
            },
            {
              "title": "Check empty, false",
              "fullTitle": "isObjectLike Check empty, false",
              "timedOut": false,
              "duration": 0,
              "state": "passed",
              "speed": "fast",
              "pass": true,
              "fail": false,
              "pending": false,
              "context": null,
              "code": "expect(isObject()).to.equal(false)",
              "err": {},
              "uuid": "7bfa98d7-e586-4cf2-8952-003eb3f65126",
              "parentUUID": "87652a77-bdf9-414c-a88c-56f65f4b32ba",
              "isHook": false,
              "skipped": false
            },
            {
              "title": "Check with object, true",
              "fullTitle": "isObjectLike Check with object, true",
              "timedOut": false,
              "duration": 0,
              "state": "passed",
              "speed": "fast",
              "pass": true,
              "fail": false,
              "pending": false,
              "context": null,
              "code": "var obj = {}\nexpect(isObject(obj)).to.equal(true)",
              "err": {},
              "uuid": "cdb57f40-9436-4a42-887f-c8bf4b8107f3",
              "parentUUID": "87652a77-bdf9-414c-a88c-56f65f4b32ba",
              "isHook": false,
              "skipped": false
            },
            {
              "title": "Check with array object, true",
              "fullTitle": "isObjectLike Check with array object, true",
              "timedOut": false,
              "duration": 1,
              "state": "passed",
              "speed": "fast",
              "pass": true,
              "fail": false,
              "pending": false,
              "context": null,
              "code": "expect(isObject([1,2,3])).to.equal(true)",
              "err": {},
              "uuid": "8d865cba-b511-487f-881a-997e0df88a1b",
              "parentUUID": "87652a77-bdf9-414c-a88c-56f65f4b32ba",
              "isHook": false,
              "skipped": false
            }
          ],
          "suites": [],
          "passes": [
            "7fdbd914-d997-4539-91a4-69265ddcf17f",
            "95557940-f04c-4526-b446-273cc07eaa10",
            "7bfa98d7-e586-4cf2-8952-003eb3f65126",
            "cdb57f40-9436-4a42-887f-c8bf4b8107f3",
            "8d865cba-b511-487f-881a-997e0df88a1b"
          ],
          "failures": [],
          "pending": [],
          "skipped": [],
          "duration": 3,
          "root": false,
          "rootEmpty": false,
          "_timeout": 2000
        },
        {
          "uuid": "29fe960f-4bc8-44f0-a2cd-ce55f3fae208",
          "title": "isSymbol",
          "fullFile": "C:\\Users\\Lasse\\Documents\\TTY\\Software testing\\SoftwareTesting_groupAssignment_2\\test\\isSymbol.test.js",
          "file": "\\test\\isSymbol.test.js",
          "beforeHooks": [],
          "afterHooks": [],
          "tests": [
            {
              "title": "Check Symbol.iterator, true",
              "fullTitle": "isSymbol Check Symbol.iterator, true",
              "timedOut": false,
              "duration": 0,
              "state": "passed",
              "speed": "fast",
              "pass": true,
              "fail": false,
              "pending": false,
              "context": null,
              "code": "expect(isSymbol(Symbol.iterator)).to.equal(true)",
              "err": {},
              "uuid": "43af6b40-8740-4cdd-9bbe-e3aca3607c36",
              "parentUUID": "29fe960f-4bc8-44f0-a2cd-ce55f3fae208",
              "isHook": false,
              "skipped": false
            },
            {
              "title": "Check empty Symbol, true",
              "fullTitle": "isSymbol Check empty Symbol, true",
              "timedOut": false,
              "duration": 0,
              "state": "passed",
              "speed": "fast",
              "pass": true,
              "fail": false,
              "pending": false,
              "context": null,
              "code": "expect(isSymbol(Symbol())).to.equal(true)",
              "err": {},
              "uuid": "87002525-a3c6-41af-91af-2fcd4fbb8cb0",
              "parentUUID": "29fe960f-4bc8-44f0-a2cd-ce55f3fae208",
              "isHook": false,
              "skipped": false
            },
            {
              "title": "Check empty, false",
              "fullTitle": "isSymbol Check empty, false",
              "timedOut": false,
              "duration": 1,
              "state": "passed",
              "speed": "fast",
              "pass": true,
              "fail": false,
              "pending": false,
              "context": null,
              "code": "expect(isSymbol()).to.equal(false)",
              "err": {},
              "uuid": "b2adc9ba-e9a8-4a7f-8a7d-cd6bc6065db3",
              "parentUUID": "29fe960f-4bc8-44f0-a2cd-ce55f3fae208",
              "isHook": false,
              "skipped": false
            },
            {
              "title": "Check string, false",
              "fullTitle": "isSymbol Check string, false",
              "timedOut": false,
              "duration": 0,
              "state": "passed",
              "speed": "fast",
              "pass": true,
              "fail": false,
              "pending": false,
              "context": null,
              "code": "expect(isSymbol('test')).to.equal(false)",
              "err": {},
              "uuid": "f727b903-bf98-4e03-8b78-322fba7defe2",
              "parentUUID": "29fe960f-4bc8-44f0-a2cd-ce55f3fae208",
              "isHook": false,
              "skipped": false
            },
            {
              "title": "Check Symbol wrapper object, true",
              "fullTitle": "isSymbol Check Symbol wrapper object, true",
              "timedOut": false,
              "duration": 0,
              "state": "passed",
              "speed": "fast",
              "pass": true,
              "fail": false,
              "pending": false,
              "context": null,
              "code": "expect(isSymbol(Object(Symbol('test')))).to.equal(true)",
              "err": {},
              "uuid": "ce493303-74bb-49f4-8277-6dfcb515e2e4",
              "parentUUID": "29fe960f-4bc8-44f0-a2cd-ce55f3fae208",
              "isHook": false,
              "skipped": false
            }
          ],
          "suites": [],
          "passes": [
            "43af6b40-8740-4cdd-9bbe-e3aca3607c36",
            "87002525-a3c6-41af-91af-2fcd4fbb8cb0",
            "b2adc9ba-e9a8-4a7f-8a7d-cd6bc6065db3",
            "f727b903-bf98-4e03-8b78-322fba7defe2",
            "ce493303-74bb-49f4-8277-6dfcb515e2e4"
          ],
          "failures": [],
          "pending": [],
          "skipped": [],
          "duration": 1,
          "root": false,
          "rootEmpty": false,
          "_timeout": 2000
        },
        {
          "uuid": "2be38625-4fde-4e7c-b019-042fac68e327",
          "title": "isTypedArray",
          "fullFile": "C:\\Users\\Lasse\\Documents\\TTY\\Software testing\\SoftwareTesting_groupAssignment_2\\test\\isTypedArray.test.js",
          "file": "\\test\\isTypedArray.test.js",
          "beforeHooks": [],
          "afterHooks": [],
          "tests": [
            {
              "title": "Check integer, false",
              "fullTitle": "isTypedArray Check integer, false",
              "timedOut": false,
              "duration": 0,
              "state": "passed",
              "speed": "fast",
              "pass": true,
              "fail": false,
              "pending": false,
              "context": null,
              "code": "expect(isTypedArray(5)).to.equal(false)",
              "err": {},
              "uuid": "ac7472b8-3b75-4968-b025-936971cfcbd3",
              "parentUUID": "2be38625-4fde-4e7c-b019-042fac68e327",
              "isHook": false,
              "skipped": false
            },
            {
              "title": "Check string, false",
              "fullTitle": "isTypedArray Check string, false",
              "timedOut": false,
              "duration": 0,
              "state": "passed",
              "speed": "fast",
              "pass": true,
              "fail": false,
              "pending": false,
              "context": null,
              "code": "expect(isTypedArray(\"a\")).to.equal(false)",
              "err": {},
              "uuid": "bb25474e-2944-460b-9564-c63744e501cd",
              "parentUUID": "2be38625-4fde-4e7c-b019-042fac68e327",
              "isHook": false,
              "skipped": false
            },
            {
              "title": "Check empty, false",
              "fullTitle": "isTypedArray Check empty, false",
              "timedOut": false,
              "duration": 0,
              "state": "passed",
              "speed": "fast",
              "pass": true,
              "fail": false,
              "pending": false,
              "context": null,
              "code": "expect(isTypedArray()).to.equal(false)",
              "err": {},
              "uuid": "b40dbcb4-4911-4eff-8842-cd4b22c5a93f",
              "parentUUID": "2be38625-4fde-4e7c-b019-042fac68e327",
              "isHook": false,
              "skipped": false
            },
            {
              "title": "Check with object, false",
              "fullTitle": "isTypedArray Check with object, false",
              "timedOut": false,
              "duration": 1,
              "state": "passed",
              "speed": "fast",
              "pass": true,
              "fail": false,
              "pending": false,
              "context": null,
              "code": "var obj = {}\nexpect(isTypedArray(obj)).to.equal(false)",
              "err": {},
              "uuid": "9886de78-6549-4044-8f9a-ac3234898ea3",
              "parentUUID": "2be38625-4fde-4e7c-b019-042fac68e327",
              "isHook": false,
              "skipped": false
            },
            {
              "title": "Check with array object, false",
              "fullTitle": "isTypedArray Check with array object, false",
              "timedOut": false,
              "duration": 1,
              "state": "passed",
              "speed": "fast",
              "pass": true,
              "fail": false,
              "pending": false,
              "context": null,
              "code": "expect(isTypedArray([1,2,3])).to.equal(false)",
              "err": {},
              "uuid": "a60601ad-84f6-46f9-b6a9-51541cbba397",
              "parentUUID": "2be38625-4fde-4e7c-b019-042fac68e327",
              "isHook": false,
              "skipped": false
            },
            {
              "title": "Check with typed array, true",
              "fullTitle": "isTypedArray Check with typed array, true",
              "timedOut": false,
              "duration": 1,
              "state": "passed",
              "speed": "fast",
              "pass": true,
              "fail": false,
              "pending": false,
              "context": null,
              "code": "var typedArray = new Uint8Array([1, 2, 3, 4]);\nexpect(isTypedArray(typedArray)).to.equal(true)",
              "err": {},
              "uuid": "1bd8b886-a9d5-4c6b-8f5d-289438e094d4",
              "parentUUID": "2be38625-4fde-4e7c-b019-042fac68e327",
              "isHook": false,
              "skipped": false
            }
          ],
          "suites": [],
          "passes": [
            "ac7472b8-3b75-4968-b025-936971cfcbd3",
            "bb25474e-2944-460b-9564-c63744e501cd",
            "b40dbcb4-4911-4eff-8842-cd4b22c5a93f",
            "9886de78-6549-4044-8f9a-ac3234898ea3",
            "a60601ad-84f6-46f9-b6a9-51541cbba397",
            "1bd8b886-a9d5-4c6b-8f5d-289438e094d4"
          ],
          "failures": [],
          "pending": [],
          "skipped": [],
          "duration": 3,
          "root": false,
          "rootEmpty": false,
          "_timeout": 2000
        },
        {
          "uuid": "7e8d9d15-7bf1-4b2a-80b5-34792d04f989",
          "title": "words",
          "fullFile": "C:\\Users\\Lasse\\Documents\\TTY\\Software testing\\SoftwareTesting_groupAssignment_2\\test\\words.test.js",
          "file": "\\test\\words.test.js",
          "beforeHooks": [],
          "afterHooks": [],
          "tests": [
            {
              "title": "Check words without pattern, should return ['a', 'b', 'c', 'd']",
              "fullTitle": "words Check words without pattern, should return ['a', 'b', 'c', 'd']",
              "timedOut": false,
              "duration": 1,
              "state": "passed",
              "speed": "fast",
              "pass": true,
              "fail": false,
              "pending": false,
              "context": null,
              "code": "expect(words('a, b, c, & d')).to.deep.equal(['a', 'b', 'c', 'd'])",
              "err": {},
              "uuid": "df45a681-e3ae-4792-92ae-2ce03aed71b0",
              "parentUUID": "7e8d9d15-7bf1-4b2a-80b5-34792d04f989",
              "isHook": false,
              "skipped": false
            },
            {
              "title": "Check words with pattern, should return ['a', 'b', 'c', '&', 'd']",
              "fullTitle": "words Check words with pattern, should return ['a', 'b', 'c', '&', 'd']",
              "timedOut": false,
              "duration": 0,
              "state": "passed",
              "speed": "fast",
              "pass": true,
              "fail": false,
              "pending": false,
              "context": null,
              "code": "expect(words('a, b, c, & d', /[^, ]/g)).to.deep.equal(['a', 'b', 'c', '&', 'd'])",
              "err": {},
              "uuid": "cacff08b-4aa4-479d-a345-5150492a980a",
              "parentUUID": "7e8d9d15-7bf1-4b2a-80b5-34792d04f989",
              "isHook": false,
              "skipped": false
            },
            {
              "title": "Check words with empty string, should return []",
              "fullTitle": "words Check words with empty string, should return []",
              "timedOut": false,
              "duration": 0,
              "state": "passed",
              "speed": "fast",
              "pass": true,
              "fail": false,
              "pending": false,
              "context": null,
              "code": "expect(words('')).to.deep.equal([])",
              "err": {},
              "uuid": "8a8433d6-d09f-4c92-8a1d-6f50182baa53",
              "parentUUID": "7e8d9d15-7bf1-4b2a-80b5-34792d04f989",
              "isHook": false,
              "skipped": false
            },
            {
              "title": "Check words with pattern and empty string, should return []",
              "fullTitle": "words Check words with pattern and empty string, should return []",
              "timedOut": false,
              "duration": 0,
              "state": "passed",
              "speed": "fast",
              "pass": true,
              "fail": false,
              "pending": false,
              "context": null,
              "code": "expect(words('', /[^, ]/g)).to.deep.equal([])",
              "err": {},
              "uuid": "e0351569-575f-4096-add5-6f70c53c0396",
              "parentUUID": "7e8d9d15-7bf1-4b2a-80b5-34792d04f989",
              "isHook": false,
              "skipped": false
            }
          ],
          "suites": [],
          "passes": [
            "df45a681-e3ae-4792-92ae-2ce03aed71b0",
            "cacff08b-4aa4-479d-a345-5150492a980a",
            "8a8433d6-d09f-4c92-8a1d-6f50182baa53",
            "e0351569-575f-4096-add5-6f70c53c0396"
          ],
          "failures": [],
          "pending": [],
          "skipped": [],
          "duration": 1,
          "root": false,
          "rootEmpty": false,
          "_timeout": 2000
        }
      ],
      "passes": [],
      "failures": [],
      "pending": [],
      "skipped": [],
      "duration": 0,
      "root": true,
      "rootEmpty": true,
      "_timeout": 2000
    }
  ],
  "meta": {
    "mocha": {
      "version": "9.1.3"
    },
    "mochawesome": {
      "options": {
        "quiet": false,
        "reportFilename": "mochawesome",
        "saveHtml": true,
        "saveJson": true,
        "consoleReporter": "spec",
        "useInlineDiffs": false,
        "code": true
      },
      "version": "7.0.1"
    },
    "marge": {
      "options": null,
      "version": "6.0.1"
    }
  }
}